"LAB.LOCAL","DC01$@LAB.LOCAL",,"::1",0,"DC01.lab.local",,4769,0,0x0,,,"Audit Success",,Security,"{ba98f5b2-3507-a0c0-05f0-79fd80eb2772}",,,,"A Kerberos service ticket was requested.

Account Information:
	Account Name:		DC01$@LAB.LOCAL
	Account Domain:		LAB.LOCAL
	Logon GUID:		{ba98f5b2-3507-a0c0-05f0-79fd80eb2772}

Service Information:
	Service Name:		DC01$
	Service ID:		S-1-5-21-3968859575-1936118435-1223628149-1000

Network Information:
	Client Address:		::1
	Client Port:		0

Additional Information:
	Ticket Options:		0x40810000
	Ticket Encryption Type:	0x12
	Failure Code:		0x0
	Transited Services:	-

This event is generated every time access is requested to a resource such as a computer or a Windows service.  The service name indicates the resource to which access was requested.

This event can be correlated with Windows logon events by comparing the Logon GUID fields in each event.  The logon event occurs on the machine that was accessed, which is often a different machine than the domain controller which issued the service ticket.

Ticket options, encryption types, and failure codes are defined in RFC 4120.",,,Info,,,,3337,,,"S-1-5-21-3968859575-1936118435-1223628149-1000","DC01$","Microsoft Windows security auditing.",,,"Kerberos Service Ticket Operations",0x12,0x40810000,"-",Information,,,"07/31/2025 01:29:56 PM
LogName=Security
EventCode=4769
EventType=0
ComputerName=DC01.lab.local
SourceName=Microsoft Windows security auditing.
Type=Information
RecordNumber=3337
Keywords=Audit Success
TaskCategory=Kerberos Service Ticket Operations
OpCode=Info
Message=A Kerberos service ticket was requested.

Account Information:
	Account Name:		DC01$@LAB.LOCAL
	Account Domain:		LAB.LOCAL
	Logon GUID:		{ba98f5b2-3507-a0c0-05f0-79fd80eb2772}

Service Information:
	Service Name:		DC01$
	Service ID:		S-1-5-21-3968859575-1936118435-1223628149-1000

Network Information:
	Client Address:		::1
	Client Port:		0

Additional Information:
	Ticket Options:		0x40810000
	Ticket Encryption Type:	0x12
	Failure Code:		0x0
	Transited Services:	-

This event is generated every time access is requested to a resource such as a computer or a Windows service.  The service name indicates the resource to which access was requested.

This event can be correlated with Windows logon events by comparing the Logon GUID fields in each event.  The logon event occurs on the machine that was accessed, which is often a different machine than the domain controller which issued the service ticket.

Ticket options, encryption types, and failure codes are defined in RFC 4120.","2025-07-31T21:29:56.000+0100",,DC01,main,37,"//_::_====..=___.===_=___==_____.\r\r_:\rt_:tt$@.\rt_:","WinEventLog:Security","WinEventLog:Security",Windows10,
"LAB.LOCAL","DC01$@LAB.LOCAL",,"::1",0,"DC01.lab.local",,4769,0,0x0,,,"Audit Success",,Security,"{ba98f5b2-3507-a0c0-05f0-79fd80eb2772}",,,,"A Kerberos service ticket was requested.

Account Information:
	Account Name:		DC01$@LAB.LOCAL
	Account Domain:		LAB.LOCAL
	Logon GUID:		{ba98f5b2-3507-a0c0-05f0-79fd80eb2772}

Service Information:
	Service Name:		DC01$
	Service ID:		S-1-5-21-3968859575-1936118435-1223628149-1000

Network Information:
	Client Address:		::1
	Client Port:		0

Additional Information:
	Ticket Options:		0x40810000
	Ticket Encryption Type:	0x12
	Failure Code:		0x0
	Transited Services:	-

This event is generated every time access is requested to a resource such as a computer or a Windows service.  The service name indicates the resource to which access was requested.

This event can be correlated with Windows logon events by comparing the Logon GUID fields in each event.  The logon event occurs on the machine that was accessed, which is often a different machine than the domain controller which issued the service ticket.

Ticket options, encryption types, and failure codes are defined in RFC 4120.",,,Info,,,,3336,,,"S-1-5-21-3968859575-1936118435-1223628149-1000","DC01$","Microsoft Windows security auditing.",,,"Kerberos Service Ticket Operations",0x12,0x40810000,"-",Information,,,"07/31/2025 01:29:56 PM
LogName=Security
EventCode=4769
EventType=0
ComputerName=DC01.lab.local
SourceName=Microsoft Windows security auditing.
Type=Information
RecordNumber=3336
Keywords=Audit Success
TaskCategory=Kerberos Service Ticket Operations
OpCode=Info
Message=A Kerberos service ticket was requested.

Account Information:
	Account Name:		DC01$@LAB.LOCAL
	Account Domain:		LAB.LOCAL
	Logon GUID:		{ba98f5b2-3507-a0c0-05f0-79fd80eb2772}

Service Information:
	Service Name:		DC01$
	Service ID:		S-1-5-21-3968859575-1936118435-1223628149-1000

Network Information:
	Client Address:		::1
	Client Port:		0

Additional Information:
	Ticket Options:		0x40810000
	Ticket Encryption Type:	0x12
	Failure Code:		0x0
	Transited Services:	-

This event is generated every time access is requested to a resource such as a computer or a Windows service.  The service name indicates the resource to which access was requested.

This event can be correlated with Windows logon events by comparing the Logon GUID fields in each event.  The logon event occurs on the machine that was accessed, which is often a different machine than the domain controller which issued the service ticket.

Ticket options, encryption types, and failure codes are defined in RFC 4120.","2025-07-31T21:29:56.000+0100",,DC01,main,37,"//_::_====..=___.===_=___==_____.\r\r_:\rt_:tt$@.\rt_:","WinEventLog:Security","WinEventLog:Security",Windows10,
"LAB.LOCAL","Administrator@LAB.LOCAL",,"::1",0,"DC01.lab.local",,4769,0,0x0,,,"Audit Success",,Security,"{9fb3ca8e-b228-c2cb-ee3a-f699ef69af63}",,,,"A Kerberos service ticket was requested.

Account Information:
	Account Name:		Administrator@LAB.LOCAL
	Account Domain:		LAB.LOCAL
	Logon GUID:		{9fb3ca8e-b228-c2cb-ee3a-f699ef69af63}

Service Information:
	Service Name:		DC01$
	Service ID:		S-1-5-21-3968859575-1936118435-1223628149-1000

Network Information:
	Client Address:		::1
	Client Port:		0

Additional Information:
	Ticket Options:		0x40810000
	Ticket Encryption Type:	0x12
	Failure Code:		0x0
	Transited Services:	-

This event is generated every time access is requested to a resource such as a computer or a Windows service.  The service name indicates the resource to which access was requested.

This event can be correlated with Windows logon events by comparing the Logon GUID fields in each event.  The logon event occurs on the machine that was accessed, which is often a different machine than the domain controller which issued the service ticket.

Ticket options, encryption types, and failure codes are defined in RFC 4120.",,,Info,,,,2300,,,"S-1-5-21-3968859575-1936118435-1223628149-1000","DC01$","Microsoft Windows security auditing.",,,"Kerberos Service Ticket Operations",0x12,0x40810000,"-",Information,,,"07/31/2025 12:24:05 PM
LogName=Security
EventCode=4769
EventType=0
ComputerName=DC01.lab.local
SourceName=Microsoft Windows security auditing.
Type=Information
RecordNumber=2300
Keywords=Audit Success
TaskCategory=Kerberos Service Ticket Operations
OpCode=Info
Message=A Kerberos service ticket was requested.

Account Information:
	Account Name:		Administrator@LAB.LOCAL
	Account Domain:		LAB.LOCAL
	Logon GUID:		{9fb3ca8e-b228-c2cb-ee3a-f699ef69af63}

Service Information:
	Service Name:		DC01$
	Service ID:		S-1-5-21-3968859575-1936118435-1223628149-1000

Network Information:
	Client Address:		::1
	Client Port:		0

Additional Information:
	Ticket Options:		0x40810000
	Ticket Encryption Type:	0x12
	Failure Code:		0x0
	Transited Services:	-

This event is generated every time access is requested to a resource such as a computer or a Windows service.  The service name indicates the resource to which access was requested.

This event can be correlated with Windows logon events by comparing the Logon GUID fields in each event.  The logon event occurs on the machine that was accessed, which is often a different machine than the domain controller which issued the service ticket.

Ticket options, encryption types, and failure codes are defined in RFC 4120.","2025-07-31T20:24:05.000+0100",,DC01,main,37,"//_::_====..=___.===_=___==_____.\r\r_:\rt_:tt@.\rt_:t","WinEventLog:Security","WinEventLog:Security",Windows10,
"LAB.LOCAL","DC01$@LAB.LOCAL",,"::1",0,"DC01.lab.local",,4769,0,0x0,,,"Audit Success",,Security,"{b137b1be-dcb9-bf7f-1a78-087ddb92f36d}",,,,"A Kerberos service ticket was requested.

Account Information:
	Account Name:		DC01$@LAB.LOCAL
	Account Domain:		LAB.LOCAL
	Logon GUID:		{b137b1be-dcb9-bf7f-1a78-087ddb92f36d}

Service Information:
	Service Name:		DC01$
	Service ID:		S-1-5-21-3968859575-1936118435-1223628149-1000

Network Information:
	Client Address:		::1
	Client Port:		0

Additional Information:
	Ticket Options:		0x40810000
	Ticket Encryption Type:	0x12
	Failure Code:		0x0
	Transited Services:	-

This event is generated every time access is requested to a resource such as a computer or a Windows service.  The service name indicates the resource to which access was requested.

This event can be correlated with Windows logon events by comparing the Logon GUID fields in each event.  The logon event occurs on the machine that was accessed, which is often a different machine than the domain controller which issued the service ticket.

Ticket options, encryption types, and failure codes are defined in RFC 4120.",,,Info,,,,2160,,,"S-1-5-21-3968859575-1936118435-1223628149-1000","DC01$","Microsoft Windows security auditing.",,,"Kerberos Service Ticket Operations",0x12,0x40810000,"-",Information,,,"07/31/2025 12:13:01 PM
LogName=Security
EventCode=4769
EventType=0
ComputerName=DC01.lab.local
SourceName=Microsoft Windows security auditing.
Type=Information
RecordNumber=2160
Keywords=Audit Success
TaskCategory=Kerberos Service Ticket Operations
OpCode=Info
Message=A Kerberos service ticket was requested.

Account Information:
	Account Name:		DC01$@LAB.LOCAL
	Account Domain:		LAB.LOCAL
	Logon GUID:		{b137b1be-dcb9-bf7f-1a78-087ddb92f36d}

Service Information:
	Service Name:		DC01$
	Service ID:		S-1-5-21-3968859575-1936118435-1223628149-1000

Network Information:
	Client Address:		::1
	Client Port:		0

Additional Information:
	Ticket Options:		0x40810000
	Ticket Encryption Type:	0x12
	Failure Code:		0x0
	Transited Services:	-

This event is generated every time access is requested to a resource such as a computer or a Windows service.  The service name indicates the resource to which access was requested.

This event can be correlated with Windows logon events by comparing the Logon GUID fields in each event.  The logon event occurs on the machine that was accessed, which is often a different machine than the domain controller which issued the service ticket.

Ticket options, encryption types, and failure codes are defined in RFC 4120.","2025-07-31T20:13:01.000+0100",,DC01,main,37,"//_::_====..=___.===_=___==_____.\r\r_:\rt_:tt$@.\rt_:","WinEventLog:Security","WinEventLog:Security",Windows10,
"LAB.LOCAL","DC01$@LAB.LOCAL",,"::1",0,"DC01.lab.local",,4769,0,0x0,,,"Audit Success",,Security,"{7f518be9-d969-5ec5-652f-d9f79b7dcc80}",,,,"A Kerberos service ticket was requested.

Account Information:
	Account Name:		DC01$@LAB.LOCAL
	Account Domain:		LAB.LOCAL
	Logon GUID:		{7f518be9-d969-5ec5-652f-d9f79b7dcc80}

Service Information:
	Service Name:		DC01$
	Service ID:		S-1-5-21-3968859575-1936118435-1223628149-1000

Network Information:
	Client Address:		::1
	Client Port:		0

Additional Information:
	Ticket Options:		0x40810000
	Ticket Encryption Type:	0x12
	Failure Code:		0x0
	Transited Services:	-

This event is generated every time access is requested to a resource such as a computer or a Windows service.  The service name indicates the resource to which access was requested.

This event can be correlated with Windows logon events by comparing the Logon GUID fields in each event.  The logon event occurs on the machine that was accessed, which is often a different machine than the domain controller which issued the service ticket.

Ticket options, encryption types, and failure codes are defined in RFC 4120.",,,Info,,,,2051,,,"S-1-5-21-3968859575-1936118435-1223628149-1000","DC01$","Microsoft Windows security auditing.",,,"Kerberos Service Ticket Operations",0x12,0x40810000,"-",Information,,,"07/31/2025 12:08:41 PM
LogName=Security
EventCode=4769
EventType=0
ComputerName=DC01.lab.local
SourceName=Microsoft Windows security auditing.
Type=Information
RecordNumber=2051
Keywords=Audit Success
TaskCategory=Kerberos Service Ticket Operations
OpCode=Info
Message=A Kerberos service ticket was requested.

Account Information:
	Account Name:		DC01$@LAB.LOCAL
	Account Domain:		LAB.LOCAL
	Logon GUID:		{7f518be9-d969-5ec5-652f-d9f79b7dcc80}

Service Information:
	Service Name:		DC01$
	Service ID:		S-1-5-21-3968859575-1936118435-1223628149-1000

Network Information:
	Client Address:		::1
	Client Port:		0

Additional Information:
	Ticket Options:		0x40810000
	Ticket Encryption Type:	0x12
	Failure Code:		0x0
	Transited Services:	-

This event is generated every time access is requested to a resource such as a computer or a Windows service.  The service name indicates the resource to which access was requested.

This event can be correlated with Windows logon events by comparing the Logon GUID fields in each event.  The logon event occurs on the machine that was accessed, which is often a different machine than the domain controller which issued the service ticket.

Ticket options, encryption types, and failure codes are defined in RFC 4120.","2025-07-31T20:08:41.000+0100",,DC01,main,37,"//_::_====..=___.===_=___==_____.\r\r_:\rt_:tt$@.\rt_:","WinEventLog:Security","WinEventLog:Security",Windows10,
"LAB.LOCAL","DC01$@LAB.LOCAL",,"::1",0,"DC01.lab.local",,4769,0,0x0,,,"Audit Success",,Security,"{7f518be9-d969-5ec5-652f-d9f79b7dcc80}",,,,"A Kerberos service ticket was requested.

Account Information:
	Account Name:		DC01$@LAB.LOCAL
	Account Domain:		LAB.LOCAL
	Logon GUID:		{7f518be9-d969-5ec5-652f-d9f79b7dcc80}

Service Information:
	Service Name:		DC01$
	Service ID:		S-1-5-21-3968859575-1936118435-1223628149-1000

Network Information:
	Client Address:		::1
	Client Port:		0

Additional Information:
	Ticket Options:		0x40810000
	Ticket Encryption Type:	0x12
	Failure Code:		0x0
	Transited Services:	-

This event is generated every time access is requested to a resource such as a computer or a Windows service.  The service name indicates the resource to which access was requested.

This event can be correlated with Windows logon events by comparing the Logon GUID fields in each event.  The logon event occurs on the machine that was accessed, which is often a different machine than the domain controller which issued the service ticket.

Ticket options, encryption types, and failure codes are defined in RFC 4120.",,,Info,,,,2044,,,"S-1-5-21-3968859575-1936118435-1223628149-1000","DC01$","Microsoft Windows security auditing.",,,"Kerberos Service Ticket Operations",0x12,0x40810000,"-",Information,,,"07/31/2025 12:08:41 PM
LogName=Security
EventCode=4769
EventType=0
ComputerName=DC01.lab.local
SourceName=Microsoft Windows security auditing.
Type=Information
RecordNumber=2044
Keywords=Audit Success
TaskCategory=Kerberos Service Ticket Operations
OpCode=Info
Message=A Kerberos service ticket was requested.

Account Information:
	Account Name:		DC01$@LAB.LOCAL
	Account Domain:		LAB.LOCAL
	Logon GUID:		{7f518be9-d969-5ec5-652f-d9f79b7dcc80}

Service Information:
	Service Name:		DC01$
	Service ID:		S-1-5-21-3968859575-1936118435-1223628149-1000

Network Information:
	Client Address:		::1
	Client Port:		0

Additional Information:
	Ticket Options:		0x40810000
	Ticket Encryption Type:	0x12
	Failure Code:		0x0
	Transited Services:	-

This event is generated every time access is requested to a resource such as a computer or a Windows service.  The service name indicates the resource to which access was requested.

This event can be correlated with Windows logon events by comparing the Logon GUID fields in each event.  The logon event occurs on the machine that was accessed, which is often a different machine than the domain controller which issued the service ticket.

Ticket options, encryption types, and failure codes are defined in RFC 4120.","2025-07-31T20:08:41.000+0100",,DC01,main,37,"//_::_====..=___.===_=___==_____.\r\r_:\rt_:tt$@.\rt_:","WinEventLog:Security","WinEventLog:Security",Windows10,
"LAB.LOCAL","Administrator@LAB.LOCAL",,"::1",0,"DC01.lab.local",,4769,0,0x0,,,"Audit Success",,Security,"{4130052a-ec40-4611-b689-f0d432a52490}",,,,"A Kerberos service ticket was requested.

Account Information:
	Account Name:		Administrator@LAB.LOCAL
	Account Domain:		LAB.LOCAL
	Logon GUID:		{4130052a-ec40-4611-b689-f0d432a52490}

Service Information:
	Service Name:		DC01$
	Service ID:		S-1-5-21-3968859575-1936118435-1223628149-1000

Network Information:
	Client Address:		::1
	Client Port:		0

Additional Information:
	Ticket Options:		0x40810000
	Ticket Encryption Type:	0x12
	Failure Code:		0x0
	Transited Services:	-

This event is generated every time access is requested to a resource such as a computer or a Windows service.  The service name indicates the resource to which access was requested.

This event can be correlated with Windows logon events by comparing the Logon GUID fields in each event.  The logon event occurs on the machine that was accessed, which is often a different machine than the domain controller which issued the service ticket.

Ticket options, encryption types, and failure codes are defined in RFC 4120.",,,Info,,,,1984,,,"S-1-5-21-3968859575-1936118435-1223628149-1000","DC01$","Microsoft Windows security auditing.",,,"Kerberos Service Ticket Operations",0x12,0x40810000,"-",Information,,,"07/31/2025 12:08:32 PM
LogName=Security
EventCode=4769
EventType=0
ComputerName=DC01.lab.local
SourceName=Microsoft Windows security auditing.
Type=Information
RecordNumber=1984
Keywords=Audit Success
TaskCategory=Kerberos Service Ticket Operations
OpCode=Info
Message=A Kerberos service ticket was requested.

Account Information:
	Account Name:		Administrator@LAB.LOCAL
	Account Domain:		LAB.LOCAL
	Logon GUID:		{4130052a-ec40-4611-b689-f0d432a52490}

Service Information:
	Service Name:		DC01$
	Service ID:		S-1-5-21-3968859575-1936118435-1223628149-1000

Network Information:
	Client Address:		::1
	Client Port:		0

Additional Information:
	Ticket Options:		0x40810000
	Ticket Encryption Type:	0x12
	Failure Code:		0x0
	Transited Services:	-

This event is generated every time access is requested to a resource such as a computer or a Windows service.  The service name indicates the resource to which access was requested.

This event can be correlated with Windows logon events by comparing the Logon GUID fields in each event.  The logon event occurs on the machine that was accessed, which is often a different machine than the domain controller which issued the service ticket.

Ticket options, encryption types, and failure codes are defined in RFC 4120.","2025-07-31T20:08:32.000+0100",,DC01,main,37,"//_::_====..=___.===_=___==_____.\r\r_:\rt_:tt@.\rt_:t","WinEventLog:Security","WinEventLog:Security",Windows10,
"LAB.LOCAL","DC01$@LAB.LOCAL",,"::1",0,"DC01.lab.local",,4769,0,0x0,,,"Audit Success",,Security,"{e7d94ef5-8c10-68c1-8fba-56577ed181c7}",,,,"A Kerberos service ticket was requested.

Account Information:
	Account Name:		DC01$@LAB.LOCAL
	Account Domain:		LAB.LOCAL
	Logon GUID:		{e7d94ef5-8c10-68c1-8fba-56577ed181c7}

Service Information:
	Service Name:		DC01$
	Service ID:		S-1-5-21-3968859575-1936118435-1223628149-1000

Network Information:
	Client Address:		::1
	Client Port:		0

Additional Information:
	Ticket Options:		0x40800000
	Ticket Encryption Type:	0x12
	Failure Code:		0x0
	Transited Services:	-

This event is generated every time access is requested to a resource such as a computer or a Windows service.  The service name indicates the resource to which access was requested.

This event can be correlated with Windows logon events by comparing the Logon GUID fields in each event.  The logon event occurs on the machine that was accessed, which is often a different machine than the domain controller which issued the service ticket.

Ticket options, encryption types, and failure codes are defined in RFC 4120.",,,Info,,,,1850,,,"S-1-5-21-3968859575-1936118435-1223628149-1000","DC01$","Microsoft Windows security auditing.",,,"Kerberos Service Ticket Operations",0x12,0x40800000,"-",Information,,,"07/31/2025 12:05:54 PM
LogName=Security
EventCode=4769
EventType=0
ComputerName=DC01.lab.local
SourceName=Microsoft Windows security auditing.
Type=Information
RecordNumber=1850
Keywords=Audit Success
TaskCategory=Kerberos Service Ticket Operations
OpCode=Info
Message=A Kerberos service ticket was requested.

Account Information:
	Account Name:		DC01$@LAB.LOCAL
	Account Domain:		LAB.LOCAL
	Logon GUID:		{e7d94ef5-8c10-68c1-8fba-56577ed181c7}

Service Information:
	Service Name:		DC01$
	Service ID:		S-1-5-21-3968859575-1936118435-1223628149-1000

Network Information:
	Client Address:		::1
	Client Port:		0

Additional Information:
	Ticket Options:		0x40800000
	Ticket Encryption Type:	0x12
	Failure Code:		0x0
	Transited Services:	-

This event is generated every time access is requested to a resource such as a computer or a Windows service.  The service name indicates the resource to which access was requested.

This event can be correlated with Windows logon events by comparing the Logon GUID fields in each event.  The logon event occurs on the machine that was accessed, which is often a different machine than the domain controller which issued the service ticket.

Ticket options, encryption types, and failure codes are defined in RFC 4120.","2025-07-31T20:05:54.000+0100",,DC01,main,37,"//_::_====..=___.===_=___==_____.\r\r_:\rt_:tt$@.\rt_:","WinEventLog:Security","WinEventLog:Security",Windows10,
"LAB.LOCAL","DC01$@LAB.LOCAL",,"::1",0,"DC01.lab.local",,4769,0,0x0,,,"Audit Success",,Security,"{abc12792-5326-e7ee-a0d1-3cdd63324a62}",,,,"A Kerberos service ticket was requested.

Account Information:
	Account Name:		DC01$@LAB.LOCAL
	Account Domain:		LAB.LOCAL
	Logon GUID:		{abc12792-5326-e7ee-a0d1-3cdd63324a62}

Service Information:
	Service Name:		DC01$
	Service ID:		S-1-5-21-3968859575-1936118435-1223628149-1000

Network Information:
	Client Address:		::1
	Client Port:		0

Additional Information:
	Ticket Options:		0x40810000
	Ticket Encryption Type:	0x12
	Failure Code:		0x0
	Transited Services:	-

This event is generated every time access is requested to a resource such as a computer or a Windows service.  The service name indicates the resource to which access was requested.

This event can be correlated with Windows logon events by comparing the Logon GUID fields in each event.  The logon event occurs on the machine that was accessed, which is often a different machine than the domain controller which issued the service ticket.

Ticket options, encryption types, and failure codes are defined in RFC 4120.",,,Info,,,,1805,,,"S-1-5-21-3968859575-1936118435-1223628149-1000","DC01$","Microsoft Windows security auditing.",,,"Kerberos Service Ticket Operations",0x12,0x40810000,"-",Information,,,"07/31/2025 12:04:40 PM
LogName=Security
EventCode=4769
EventType=0
ComputerName=DC01.lab.local
SourceName=Microsoft Windows security auditing.
Type=Information
RecordNumber=1805
Keywords=Audit Success
TaskCategory=Kerberos Service Ticket Operations
OpCode=Info
Message=A Kerberos service ticket was requested.

Account Information:
	Account Name:		DC01$@LAB.LOCAL
	Account Domain:		LAB.LOCAL
	Logon GUID:		{abc12792-5326-e7ee-a0d1-3cdd63324a62}

Service Information:
	Service Name:		DC01$
	Service ID:		S-1-5-21-3968859575-1936118435-1223628149-1000

Network Information:
	Client Address:		::1
	Client Port:		0

Additional Information:
	Ticket Options:		0x40810000
	Ticket Encryption Type:	0x12
	Failure Code:		0x0
	Transited Services:	-

This event is generated every time access is requested to a resource such as a computer or a Windows service.  The service name indicates the resource to which access was requested.

This event can be correlated with Windows logon events by comparing the Logon GUID fields in each event.  The logon event occurs on the machine that was accessed, which is often a different machine than the domain controller which issued the service ticket.

Ticket options, encryption types, and failure codes are defined in RFC 4120.","2025-07-31T20:04:40.000+0100",,DC01,main,37,"//_::_====..=___.===_=___==_____.\r\r_:\rt_:tt$@.\rt_:","WinEventLog:Security","WinEventLog:Security",Windows10,
"LAB.LOCAL","DC01$@LAB.LOCAL",,"::1",0,"DC01.lab.local",,4769,0,0x0,,,"Audit Success",,Security,"{abc12792-5326-e7ee-a0d1-3cdd63324a62}",,,,"A Kerberos service ticket was requested.

Account Information:
	Account Name:		DC01$@LAB.LOCAL
	Account Domain:		LAB.LOCAL
	Logon GUID:		{abc12792-5326-e7ee-a0d1-3cdd63324a62}

Service Information:
	Service Name:		DC01$
	Service ID:		S-1-5-21-3968859575-1936118435-1223628149-1000

Network Information:
	Client Address:		::1
	Client Port:		0

Additional Information:
	Ticket Options:		0x40810000
	Ticket Encryption Type:	0x12
	Failure Code:		0x0
	Transited Services:	-

This event is generated every time access is requested to a resource such as a computer or a Windows service.  The service name indicates the resource to which access was requested.

This event can be correlated with Windows logon events by comparing the Logon GUID fields in each event.  The logon event occurs on the machine that was accessed, which is often a different machine than the domain controller which issued the service ticket.

Ticket options, encryption types, and failure codes are defined in RFC 4120.",,,Info,,,,1798,,,"S-1-5-21-3968859575-1936118435-1223628149-1000","DC01$","Microsoft Windows security auditing.",,,"Kerberos Service Ticket Operations",0x12,0x40810000,"-",Information,,,"07/31/2025 12:04:40 PM
LogName=Security
EventCode=4769
EventType=0
ComputerName=DC01.lab.local
SourceName=Microsoft Windows security auditing.
Type=Information
RecordNumber=1798
Keywords=Audit Success
TaskCategory=Kerberos Service Ticket Operations
OpCode=Info
Message=A Kerberos service ticket was requested.

Account Information:
	Account Name:		DC01$@LAB.LOCAL
	Account Domain:		LAB.LOCAL
	Logon GUID:		{abc12792-5326-e7ee-a0d1-3cdd63324a62}

Service Information:
	Service Name:		DC01$
	Service ID:		S-1-5-21-3968859575-1936118435-1223628149-1000

Network Information:
	Client Address:		::1
	Client Port:		0

Additional Information:
	Ticket Options:		0x40810000
	Ticket Encryption Type:	0x12
	Failure Code:		0x0
	Transited Services:	-

This event is generated every time access is requested to a resource such as a computer or a Windows service.  The service name indicates the resource to which access was requested.

This event can be correlated with Windows logon events by comparing the Logon GUID fields in each event.  The logon event occurs on the machine that was accessed, which is often a different machine than the domain controller which issued the service ticket.

Ticket options, encryption types, and failure codes are defined in RFC 4120.","2025-07-31T20:04:40.000+0100",,DC01,main,37,"//_::_====..=___.===_=___==_____.\r\r_:\rt_:tt$@.\rt_:","WinEventLog:Security","WinEventLog:Security",Windows10,
"LAB.LOCAL","DC01$@LAB.LOCAL",,"::1",0,"DC01.lab.local",,4769,0,0x0,,,"Audit Success",,Security,"{abc12792-5326-e7ee-a0d1-3cdd63324a62}",,,,"A Kerberos service ticket was requested.

Account Information:
	Account Name:		DC01$@LAB.LOCAL
	Account Domain:		LAB.LOCAL
	Logon GUID:		{abc12792-5326-e7ee-a0d1-3cdd63324a62}

Service Information:
	Service Name:		DC01$
	Service ID:		S-1-5-21-3968859575-1936118435-1223628149-1000

Network Information:
	Client Address:		::1
	Client Port:		0

Additional Information:
	Ticket Options:		0x40810000
	Ticket Encryption Type:	0x12
	Failure Code:		0x0
	Transited Services:	-

This event is generated every time access is requested to a resource such as a computer or a Windows service.  The service name indicates the resource to which access was requested.

This event can be correlated with Windows logon events by comparing the Logon GUID fields in each event.  The logon event occurs on the machine that was accessed, which is often a different machine than the domain controller which issued the service ticket.

Ticket options, encryption types, and failure codes are defined in RFC 4120.",,,Info,,,,1789,,,"S-1-5-21-3968859575-1936118435-1223628149-1000","DC01$","Microsoft Windows security auditing.",,,"Kerberos Service Ticket Operations",0x12,0x40810000,"-",Information,,,"07/31/2025 12:04:40 PM
LogName=Security
EventCode=4769
EventType=0
ComputerName=DC01.lab.local
SourceName=Microsoft Windows security auditing.
Type=Information
RecordNumber=1789
Keywords=Audit Success
TaskCategory=Kerberos Service Ticket Operations
OpCode=Info
Message=A Kerberos service ticket was requested.

Account Information:
	Account Name:		DC01$@LAB.LOCAL
	Account Domain:		LAB.LOCAL
	Logon GUID:		{abc12792-5326-e7ee-a0d1-3cdd63324a62}

Service Information:
	Service Name:		DC01$
	Service ID:		S-1-5-21-3968859575-1936118435-1223628149-1000

Network Information:
	Client Address:		::1
	Client Port:		0

Additional Information:
	Ticket Options:		0x40810000
	Ticket Encryption Type:	0x12
	Failure Code:		0x0
	Transited Services:	-

This event is generated every time access is requested to a resource such as a computer or a Windows service.  The service name indicates the resource to which access was requested.

This event can be correlated with Windows logon events by comparing the Logon GUID fields in each event.  The logon event occurs on the machine that was accessed, which is often a different machine than the domain controller which issued the service ticket.

Ticket options, encryption types, and failure codes are defined in RFC 4120.","2025-07-31T20:04:40.000+0100",,DC01,main,37,"//_::_====..=___.===_=___==_____.\r\r_:\rt_:tt$@.\rt_:","WinEventLog:Security","WinEventLog:Security",Windows10,
"LAB.LOCAL","DC01$@LAB.LOCAL",,"::1",0,"DC01.lab.local",,4769,0,0x0,,,"Audit Success",,Security,"{ecc11034-a3f3-d3a0-ccd2-0d1e71c7bd8d}",,,,"A Kerberos service ticket was requested.

Account Information:
	Account Name:		DC01$@LAB.LOCAL
	Account Domain:		LAB.LOCAL
	Logon GUID:		{ecc11034-a3f3-d3a0-ccd2-0d1e71c7bd8d}

Service Information:
	Service Name:		DC01$
	Service ID:		S-1-5-21-3968859575-1936118435-1223628149-1000

Network Information:
	Client Address:		::1
	Client Port:		0

Additional Information:
	Ticket Options:		0x40810000
	Ticket Encryption Type:	0x12
	Failure Code:		0x0
	Transited Services:	-

This event is generated every time access is requested to a resource such as a computer or a Windows service.  The service name indicates the resource to which access was requested.

This event can be correlated with Windows logon events by comparing the Logon GUID fields in each event.  The logon event occurs on the machine that was accessed, which is often a different machine than the domain controller which issued the service ticket.

Ticket options, encryption types, and failure codes are defined in RFC 4120.",,,Info,,,,1770,,,"S-1-5-21-3968859575-1936118435-1223628149-1000","DC01$","Microsoft Windows security auditing.",,,"Kerberos Service Ticket Operations",0x12,0x40810000,"-",Information,,,"07/31/2025 12:04:25 PM
LogName=Security
EventCode=4769
EventType=0
ComputerName=DC01.lab.local
SourceName=Microsoft Windows security auditing.
Type=Information
RecordNumber=1770
Keywords=Audit Success
TaskCategory=Kerberos Service Ticket Operations
OpCode=Info
Message=A Kerberos service ticket was requested.

Account Information:
	Account Name:		DC01$@LAB.LOCAL
	Account Domain:		LAB.LOCAL
	Logon GUID:		{ecc11034-a3f3-d3a0-ccd2-0d1e71c7bd8d}

Service Information:
	Service Name:		DC01$
	Service ID:		S-1-5-21-3968859575-1936118435-1223628149-1000

Network Information:
	Client Address:		::1
	Client Port:		0

Additional Information:
	Ticket Options:		0x40810000
	Ticket Encryption Type:	0x12
	Failure Code:		0x0
	Transited Services:	-

This event is generated every time access is requested to a resource such as a computer or a Windows service.  The service name indicates the resource to which access was requested.

This event can be correlated with Windows logon events by comparing the Logon GUID fields in each event.  The logon event occurs on the machine that was accessed, which is often a different machine than the domain controller which issued the service ticket.

Ticket options, encryption types, and failure codes are defined in RFC 4120.","2025-07-31T20:04:25.000+0100",,DC01,main,37,"//_::_====..=___.===_=___==_____.\r\r_:\rt_:tt$@.\rt_:","WinEventLog:Security","WinEventLog:Security",Windows10,
"LAB.LOCAL","DC01$@LAB.LOCAL",,"::1",0,"DC01.lab.local",,4769,0,0x0,,,"Audit Success",,Security,"{92dfc69e-93d1-fc9e-b002-b44d37aa45ad}",,,,"A Kerberos service ticket was requested.

Account Information:
	Account Name:		DC01$@LAB.LOCAL
	Account Domain:		LAB.LOCAL
	Logon GUID:		{92dfc69e-93d1-fc9e-b002-b44d37aa45ad}

Service Information:
	Service Name:		DC01$
	Service ID:		S-1-5-21-3968859575-1936118435-1223628149-1000

Network Information:
	Client Address:		::1
	Client Port:		0

Additional Information:
	Ticket Options:		0x40800000
	Ticket Encryption Type:	0x12
	Failure Code:		0x0
	Transited Services:	-

This event is generated every time access is requested to a resource such as a computer or a Windows service.  The service name indicates the resource to which access was requested.

This event can be correlated with Windows logon events by comparing the Logon GUID fields in each event.  The logon event occurs on the machine that was accessed, which is often a different machine than the domain controller which issued the service ticket.

Ticket options, encryption types, and failure codes are defined in RFC 4120.",,,Info,,,,1763,,,"S-1-5-21-3968859575-1936118435-1223628149-1000","DC01$","Microsoft Windows security auditing.",,,"Kerberos Service Ticket Operations",0x12,0x40800000,"-",Information,,,"07/31/2025 12:04:24 PM
LogName=Security
EventCode=4769
EventType=0
ComputerName=DC01.lab.local
SourceName=Microsoft Windows security auditing.
Type=Information
RecordNumber=1763
Keywords=Audit Success
TaskCategory=Kerberos Service Ticket Operations
OpCode=Info
Message=A Kerberos service ticket was requested.

Account Information:
	Account Name:		DC01$@LAB.LOCAL
	Account Domain:		LAB.LOCAL
	Logon GUID:		{92dfc69e-93d1-fc9e-b002-b44d37aa45ad}

Service Information:
	Service Name:		DC01$
	Service ID:		S-1-5-21-3968859575-1936118435-1223628149-1000

Network Information:
	Client Address:		::1
	Client Port:		0

Additional Information:
	Ticket Options:		0x40800000
	Ticket Encryption Type:	0x12
	Failure Code:		0x0
	Transited Services:	-

This event is generated every time access is requested to a resource such as a computer or a Windows service.  The service name indicates the resource to which access was requested.

This event can be correlated with Windows logon events by comparing the Logon GUID fields in each event.  The logon event occurs on the machine that was accessed, which is often a different machine than the domain controller which issued the service ticket.

Ticket options, encryption types, and failure codes are defined in RFC 4120.","2025-07-31T20:04:24.000+0100",,DC01,main,37,"//_::_====..=___.===_=___==_____.\r\r_:\rt_:tt$@.\rt_:","WinEventLog:Security","WinEventLog:Security",Windows10,
"LAB.LOCAL","DC01$@LAB.LOCAL",,"::1",0,"DC01.lab.local",,4769,0,0x0,,,"Audit Success",,Security,"{4540e033-5ed1-a44a-67c2-70775ccb0b0c}",,,,"A Kerberos service ticket was requested.

Account Information:
	Account Name:		DC01$@LAB.LOCAL
	Account Domain:		LAB.LOCAL
	Logon GUID:		{4540e033-5ed1-a44a-67c2-70775ccb0b0c}

Service Information:
	Service Name:		DC01$
	Service ID:		S-1-5-21-3968859575-1936118435-1223628149-1000

Network Information:
	Client Address:		::1
	Client Port:		0

Additional Information:
	Ticket Options:		0x40810000
	Ticket Encryption Type:	0x12
	Failure Code:		0x0
	Transited Services:	-

This event is generated every time access is requested to a resource such as a computer or a Windows service.  The service name indicates the resource to which access was requested.

This event can be correlated with Windows logon events by comparing the Logon GUID fields in each event.  The logon event occurs on the machine that was accessed, which is often a different machine than the domain controller which issued the service ticket.

Ticket options, encryption types, and failure codes are defined in RFC 4120.",,,Info,,,,1756,,,"S-1-5-21-3968859575-1936118435-1223628149-1000","DC01$","Microsoft Windows security auditing.",,,"Kerberos Service Ticket Operations",0x12,0x40810000,"-",Information,,,"07/31/2025 12:04:18 PM
LogName=Security
EventCode=4769
EventType=0
ComputerName=DC01.lab.local
SourceName=Microsoft Windows security auditing.
Type=Information
RecordNumber=1756
Keywords=Audit Success
TaskCategory=Kerberos Service Ticket Operations
OpCode=Info
Message=A Kerberos service ticket was requested.

Account Information:
	Account Name:		DC01$@LAB.LOCAL
	Account Domain:		LAB.LOCAL
	Logon GUID:		{4540e033-5ed1-a44a-67c2-70775ccb0b0c}

Service Information:
	Service Name:		DC01$
	Service ID:		S-1-5-21-3968859575-1936118435-1223628149-1000

Network Information:
	Client Address:		::1
	Client Port:		0

Additional Information:
	Ticket Options:		0x40810000
	Ticket Encryption Type:	0x12
	Failure Code:		0x0
	Transited Services:	-

This event is generated every time access is requested to a resource such as a computer or a Windows service.  The service name indicates the resource to which access was requested.

This event can be correlated with Windows logon events by comparing the Logon GUID fields in each event.  The logon event occurs on the machine that was accessed, which is often a different machine than the domain controller which issued the service ticket.

Ticket options, encryption types, and failure codes are defined in RFC 4120.","2025-07-31T20:04:18.000+0100",,DC01,main,37,"//_::_====..=___.===_=___==_____.\r\r_:\rt_:tt$@.\rt_:","WinEventLog:Security","WinEventLog:Security",Windows10,
"LAB.LOCAL","DC01$@LAB.LOCAL",,"::1",0,"DC01.lab.local",,4769,0,0x0,,,"Audit Success",,Security,"{423b191d-df5e-03f1-db48-09534abd464b}",,,,"A Kerberos service ticket was requested.

Account Information:
	Account Name:		DC01$@LAB.LOCAL
	Account Domain:		LAB.LOCAL
	Logon GUID:		{423b191d-df5e-03f1-db48-09534abd464b}

Service Information:
	Service Name:		DC01$
	Service ID:		S-1-5-21-3968859575-1936118435-1223628149-1000

Network Information:
	Client Address:		::1
	Client Port:		0

Additional Information:
	Ticket Options:		0x40810000
	Ticket Encryption Type:	0x12
	Failure Code:		0x0
	Transited Services:	-

This event is generated every time access is requested to a resource such as a computer or a Windows service.  The service name indicates the resource to which access was requested.

This event can be correlated with Windows logon events by comparing the Logon GUID fields in each event.  The logon event occurs on the machine that was accessed, which is often a different machine than the domain controller which issued the service ticket.

Ticket options, encryption types, and failure codes are defined in RFC 4120.",,,Info,,,,1747,,,"S-1-5-21-3968859575-1936118435-1223628149-1000","DC01$","Microsoft Windows security auditing.",,,"Kerberos Service Ticket Operations",0x12,0x40810000,"-",Information,,,"07/31/2025 12:04:17 PM
LogName=Security
EventCode=4769
EventType=0
ComputerName=DC01.lab.local
SourceName=Microsoft Windows security auditing.
Type=Information
RecordNumber=1747
Keywords=Audit Success
TaskCategory=Kerberos Service Ticket Operations
OpCode=Info
Message=A Kerberos service ticket was requested.

Account Information:
	Account Name:		DC01$@LAB.LOCAL
	Account Domain:		LAB.LOCAL
	Logon GUID:		{423b191d-df5e-03f1-db48-09534abd464b}

Service Information:
	Service Name:		DC01$
	Service ID:		S-1-5-21-3968859575-1936118435-1223628149-1000

Network Information:
	Client Address:		::1
	Client Port:		0

Additional Information:
	Ticket Options:		0x40810000
	Ticket Encryption Type:	0x12
	Failure Code:		0x0
	Transited Services:	-

This event is generated every time access is requested to a resource such as a computer or a Windows service.  The service name indicates the resource to which access was requested.

This event can be correlated with Windows logon events by comparing the Logon GUID fields in each event.  The logon event occurs on the machine that was accessed, which is often a different machine than the domain controller which issued the service ticket.

Ticket options, encryption types, and failure codes are defined in RFC 4120.","2025-07-31T20:04:17.000+0100",,DC01,main,37,"//_::_====..=___.===_=___==_____.\r\r_:\rt_:tt$@.\rt_:","WinEventLog:Security","WinEventLog:Security",Windows10,
"LAB.LOCAL","DC01$@LAB.LOCAL",,"::1",0,"DC01.lab.local",,4769,0,0x0,,,"Audit Success",,Security,"{b9a58d36-b3a4-797f-64e6-b89db217459a}",,,,"A Kerberos service ticket was requested.

Account Information:
	Account Name:		DC01$@LAB.LOCAL
	Account Domain:		LAB.LOCAL
	Logon GUID:		{b9a58d36-b3a4-797f-64e6-b89db217459a}

Service Information:
	Service Name:		DC01$
	Service ID:		S-1-5-21-3968859575-1936118435-1223628149-1000

Network Information:
	Client Address:		::1
	Client Port:		0

Additional Information:
	Ticket Options:		0x40800000
	Ticket Encryption Type:	0x12
	Failure Code:		0x0
	Transited Services:	-

This event is generated every time access is requested to a resource such as a computer or a Windows service.  The service name indicates the resource to which access was requested.

This event can be correlated with Windows logon events by comparing the Logon GUID fields in each event.  The logon event occurs on the machine that was accessed, which is often a different machine than the domain controller which issued the service ticket.

Ticket options, encryption types, and failure codes are defined in RFC 4120.",,,Info,,,,1733,,,"S-1-5-21-3968859575-1936118435-1223628149-1000","DC01$","Microsoft Windows security auditing.",,,"Kerberos Service Ticket Operations",0x12,0x40800000,"-",Information,,,"07/31/2025 12:04:13 PM
LogName=Security
EventCode=4769
EventType=0
ComputerName=DC01.lab.local
SourceName=Microsoft Windows security auditing.
Type=Information
RecordNumber=1733
Keywords=Audit Success
TaskCategory=Kerberos Service Ticket Operations
OpCode=Info
Message=A Kerberos service ticket was requested.

Account Information:
	Account Name:		DC01$@LAB.LOCAL
	Account Domain:		LAB.LOCAL
	Logon GUID:		{b9a58d36-b3a4-797f-64e6-b89db217459a}

Service Information:
	Service Name:		DC01$
	Service ID:		S-1-5-21-3968859575-1936118435-1223628149-1000

Network Information:
	Client Address:		::1
	Client Port:		0

Additional Information:
	Ticket Options:		0x40800000
	Ticket Encryption Type:	0x12
	Failure Code:		0x0
	Transited Services:	-

This event is generated every time access is requested to a resource such as a computer or a Windows service.  The service name indicates the resource to which access was requested.

This event can be correlated with Windows logon events by comparing the Logon GUID fields in each event.  The logon event occurs on the machine that was accessed, which is often a different machine than the domain controller which issued the service ticket.

Ticket options, encryption types, and failure codes are defined in RFC 4120.","2025-07-31T20:04:13.000+0100",,DC01,main,37,"//_::_====..=___.===_=___==_____.\r\r_:\rt_:tt$@.\rt_:","WinEventLog:Security","WinEventLog:Security",Windows10,
"LAB.LOCAL","DC01$@LAB.LOCAL",,"::1",0,"DC01.lab.local",,4769,0,0x0,,,"Audit Success",,Security,"{fb2f98c3-4acb-79c0-2dd3-5fc04cd88bd3}",,,,"A Kerberos service ticket was requested.

Account Information:
	Account Name:		DC01$@LAB.LOCAL
	Account Domain:		LAB.LOCAL
	Logon GUID:		{fb2f98c3-4acb-79c0-2dd3-5fc04cd88bd3}

Service Information:
	Service Name:		krbtgt
	Service ID:		S-1-5-21-3968859575-1936118435-1223628149-502

Network Information:
	Client Address:		::1
	Client Port:		0

Additional Information:
	Ticket Options:		0x60810010
	Ticket Encryption Type:	0x12
	Failure Code:		0x0
	Transited Services:	-

This event is generated every time access is requested to a resource such as a computer or a Windows service.  The service name indicates the resource to which access was requested.

This event can be correlated with Windows logon events by comparing the Logon GUID fields in each event.  The logon event occurs on the machine that was accessed, which is often a different machine than the domain controller which issued the service ticket.

Ticket options, encryption types, and failure codes are defined in RFC 4120.",,,Info,,,,1659,,,"S-1-5-21-3968859575-1936118435-1223628149-502",krbtgt,"Microsoft Windows security auditing.",,,"Kerberos Service Ticket Operations",0x12,0x60810010,"-",Information,,,"07/31/2025 12:03:52 PM
LogName=Security
EventCode=4769
EventType=0
ComputerName=DC01.lab.local
SourceName=Microsoft Windows security auditing.
Type=Information
RecordNumber=1659
Keywords=Audit Success
TaskCategory=Kerberos Service Ticket Operations
OpCode=Info
Message=A Kerberos service ticket was requested.

Account Information:
	Account Name:		DC01$@LAB.LOCAL
	Account Domain:		LAB.LOCAL
	Logon GUID:		{fb2f98c3-4acb-79c0-2dd3-5fc04cd88bd3}

Service Information:
	Service Name:		krbtgt
	Service ID:		S-1-5-21-3968859575-1936118435-1223628149-502

Network Information:
	Client Address:		::1
	Client Port:		0

Additional Information:
	Ticket Options:		0x60810010
	Ticket Encryption Type:	0x12
	Failure Code:		0x0
	Transited Services:	-

This event is generated every time access is requested to a resource such as a computer or a Windows service.  The service name indicates the resource to which access was requested.

This event can be correlated with Windows logon events by comparing the Logon GUID fields in each event.  The logon event occurs on the machine that was accessed, which is often a different machine than the domain controller which issued the service ticket.

Ticket options, encryption types, and failure codes are defined in RFC 4120.","2025-07-31T20:03:52.000+0100",,DC01,main,37,"//_::_====..=___.===_=___==_____.\r\r_:\rt_:tt$@.\rt_:","WinEventLog:Security","WinEventLog:Security",Windows10,
