"LAB.LOCAL","DC01$@LAB.LOCAL",,"::1",0,"DC01.lab.local",,4769,0,0x0,,,"Audit Success",,Security,"{14578ed3-5ea4-b57c-a0fb-30d428c1c75e}",,,,"A Kerberos service ticket was requested.

Account Information:
	Account Name:		DC01$@LAB.LOCAL
	Account Domain:		LAB.LOCAL
	Logon GUID:		{14578ed3-5ea4-b57c-a0fb-30d428c1c75e}

Service Information:
	Service Name:		DC01$
	Service ID:		S-1-5-21-3968859575-1936118435-1223628149-1000

Network Information:
	Client Address:		::1
	Client Port:		0

Additional Information:
	Ticket Options:		0x40800000
	Ticket Encryption Type:	0x12
	Failure Code:		0x0
	Transited Services:	-

This event is generated every time access is requested to a resource such as a computer or a Windows service.  The service name indicates the resource to which access was requested.

This event can be correlated with Windows logon events by comparing the Logon GUID fields in each event.  The logon event occurs on the machine that was accessed, which is often a different machine than the domain controller which issued the service ticket.

Ticket options, encryption types, and failure codes are defined in RFC 4120.",,,Info,,,,16182,,,"S-1-5-21-3968859575-1936118435-1223628149-1000","DC01$","Microsoft Windows security auditing.",,,"Kerberos Service Ticket Operations",0x12,0x40800000,"-",Information,,,"08/06/2025 07:16:08 AM
LogName=Security
EventCode=4769
EventType=0
ComputerName=DC01.lab.local
SourceName=Microsoft Windows security auditing.
Type=Information
RecordNumber=16182
Keywords=Audit Success
TaskCategory=Kerberos Service Ticket Operations
OpCode=Info
Message=A Kerberos service ticket was requested.

Account Information:
	Account Name:		DC01$@LAB.LOCAL
	Account Domain:		LAB.LOCAL
	Logon GUID:		{14578ed3-5ea4-b57c-a0fb-30d428c1c75e}

Service Information:
	Service Name:		DC01$
	Service ID:		S-1-5-21-3968859575-1936118435-1223628149-1000

Network Information:
	Client Address:		::1
	Client Port:		0

Additional Information:
	Ticket Options:		0x40800000
	Ticket Encryption Type:	0x12
	Failure Code:		0x0
	Transited Services:	-

This event is generated every time access is requested to a resource such as a computer or a Windows service.  The service name indicates the resource to which access was requested.

This event can be correlated with Windows logon events by comparing the Logon GUID fields in each event.  The logon event occurs on the machine that was accessed, which is often a different machine than the domain controller which issued the service ticket.

Ticket options, encryption types, and failure codes are defined in RFC 4120.","2025-08-06T15:16:08.000+0100",,DC01,main,37,"//_::_====..=___.===_=___==_____.\r\r_:\rt_:tt$@.\rt_:","WinEventLog:Security","WinEventLog:Security",Windows10,
"LAB.LOCAL","DC01$@LAB.LOCAL",,"::1",0,"DC01.lab.local",,4769,0,0x0,,,"Audit Success",,Security,"{aead2508-43fd-9c83-3e86-ecbdd99adfc7}",,,,"A Kerberos service ticket was requested.

Account Information:
	Account Name:		DC01$@LAB.LOCAL
	Account Domain:		LAB.LOCAL
	Logon GUID:		{aead2508-43fd-9c83-3e86-ecbdd99adfc7}

Service Information:
	Service Name:		DC01$
	Service ID:		S-1-5-21-3968859575-1936118435-1223628149-1000

Network Information:
	Client Address:		::1
	Client Port:		0

Additional Information:
	Ticket Options:		0x40810000
	Ticket Encryption Type:	0x12
	Failure Code:		0x0
	Transited Services:	-

This event is generated every time access is requested to a resource such as a computer or a Windows service.  The service name indicates the resource to which access was requested.

This event can be correlated with Windows logon events by comparing the Logon GUID fields in each event.  The logon event occurs on the machine that was accessed, which is often a different machine than the domain controller which issued the service ticket.

Ticket options, encryption types, and failure codes are defined in RFC 4120.",,,Info,,,,16131,,,"S-1-5-21-3968859575-1936118435-1223628149-1000","DC01$","Microsoft Windows security auditing.",,,"Kerberos Service Ticket Operations",0x12,0x40810000,"-",Information,,,"08/06/2025 07:10:36 AM
LogName=Security
EventCode=4769
EventType=0
ComputerName=DC01.lab.local
SourceName=Microsoft Windows security auditing.
Type=Information
RecordNumber=16131
Keywords=Audit Success
TaskCategory=Kerberos Service Ticket Operations
OpCode=Info
Message=A Kerberos service ticket was requested.

Account Information:
	Account Name:		DC01$@LAB.LOCAL
	Account Domain:		LAB.LOCAL
	Logon GUID:		{aead2508-43fd-9c83-3e86-ecbdd99adfc7}

Service Information:
	Service Name:		DC01$
	Service ID:		S-1-5-21-3968859575-1936118435-1223628149-1000

Network Information:
	Client Address:		::1
	Client Port:		0

Additional Information:
	Ticket Options:		0x40810000
	Ticket Encryption Type:	0x12
	Failure Code:		0x0
	Transited Services:	-

This event is generated every time access is requested to a resource such as a computer or a Windows service.  The service name indicates the resource to which access was requested.

This event can be correlated with Windows logon events by comparing the Logon GUID fields in each event.  The logon event occurs on the machine that was accessed, which is often a different machine than the domain controller which issued the service ticket.

Ticket options, encryption types, and failure codes are defined in RFC 4120.","2025-08-06T15:10:36.000+0100",,DC01,main,37,"//_::_====..=___.===_=___==_____.\r\r_:\rt_:tt$@.\rt_:","WinEventLog:Security","WinEventLog:Security",Windows10,
"LAB.LOCAL","Administrator@LAB.LOCAL",,"::1",0,"DC01.lab.local",,4769,0,0x0,,,"Audit Success",,Security,"{31891778-1d1d-4c4e-96e3-c8d3da7be460}",,,,"A Kerberos service ticket was requested.

Account Information:
	Account Name:		Administrator@LAB.LOCAL
	Account Domain:		LAB.LOCAL
	Logon GUID:		{31891778-1d1d-4c4e-96e3-c8d3da7be460}

Service Information:
	Service Name:		DC01$
	Service ID:		S-1-5-21-3968859575-1936118435-1223628149-1000

Network Information:
	Client Address:		::1
	Client Port:		0

Additional Information:
	Ticket Options:		0x40810000
	Ticket Encryption Type:	0x12
	Failure Code:		0x0
	Transited Services:	-

This event is generated every time access is requested to a resource such as a computer or a Windows service.  The service name indicates the resource to which access was requested.

This event can be correlated with Windows logon events by comparing the Logon GUID fields in each event.  The logon event occurs on the machine that was accessed, which is often a different machine than the domain controller which issued the service ticket.

Ticket options, encryption types, and failure codes are defined in RFC 4120.",,,Info,,,,16074,,,"S-1-5-21-3968859575-1936118435-1223628149-1000","DC01$","Microsoft Windows security auditing.",,,"Kerberos Service Ticket Operations",0x12,0x40810000,"-",Information,,,"08/06/2025 07:08:38 AM
LogName=Security
EventCode=4769
EventType=0
ComputerName=DC01.lab.local
SourceName=Microsoft Windows security auditing.
Type=Information
RecordNumber=16074
Keywords=Audit Success
TaskCategory=Kerberos Service Ticket Operations
OpCode=Info
Message=A Kerberos service ticket was requested.

Account Information:
	Account Name:		Administrator@LAB.LOCAL
	Account Domain:		LAB.LOCAL
	Logon GUID:		{31891778-1d1d-4c4e-96e3-c8d3da7be460}

Service Information:
	Service Name:		DC01$
	Service ID:		S-1-5-21-3968859575-1936118435-1223628149-1000

Network Information:
	Client Address:		::1
	Client Port:		0

Additional Information:
	Ticket Options:		0x40810000
	Ticket Encryption Type:	0x12
	Failure Code:		0x0
	Transited Services:	-

This event is generated every time access is requested to a resource such as a computer or a Windows service.  The service name indicates the resource to which access was requested.

This event can be correlated with Windows logon events by comparing the Logon GUID fields in each event.  The logon event occurs on the machine that was accessed, which is often a different machine than the domain controller which issued the service ticket.

Ticket options, encryption types, and failure codes are defined in RFC 4120.","2025-08-06T15:08:38.000+0100",,DC01,main,37,"//_::_====..=___.===_=___==_____.\r\r_:\rt_:tt@.\rt_:t","WinEventLog:Security","WinEventLog:Security",Windows10,
"LAB.LOCAL","DC01$@LAB.LOCAL",,"::1",0,"DC01.lab.local",,4769,0,0x0,,,"Audit Success",,Security,"{ed8629cb-1f2c-0a25-f4df-b5a4dc3c34b3}",,,,"A Kerberos service ticket was requested.

Account Information:
	Account Name:		DC01$@LAB.LOCAL
	Account Domain:		LAB.LOCAL
	Logon GUID:		{ed8629cb-1f2c-0a25-f4df-b5a4dc3c34b3}

Service Information:
	Service Name:		DC01$
	Service ID:		S-1-5-21-3968859575-1936118435-1223628149-1000

Network Information:
	Client Address:		::1
	Client Port:		0

Additional Information:
	Ticket Options:		0x40810000
	Ticket Encryption Type:	0x12
	Failure Code:		0x0
	Transited Services:	-

This event is generated every time access is requested to a resource such as a computer or a Windows service.  The service name indicates the resource to which access was requested.

This event can be correlated with Windows logon events by comparing the Logon GUID fields in each event.  The logon event occurs on the machine that was accessed, which is often a different machine than the domain controller which issued the service ticket.

Ticket options, encryption types, and failure codes are defined in RFC 4120.",,,Info,,,,15946,,,"S-1-5-21-3968859575-1936118435-1223628149-1000","DC01$","Microsoft Windows security auditing.",,,"Kerberos Service Ticket Operations",0x12,0x40810000,"-",Information,,,"08/06/2025 07:03:17 AM
LogName=Security
EventCode=4769
EventType=0
ComputerName=DC01.lab.local
SourceName=Microsoft Windows security auditing.
Type=Information
RecordNumber=15946
Keywords=Audit Success
TaskCategory=Kerberos Service Ticket Operations
OpCode=Info
Message=A Kerberos service ticket was requested.

Account Information:
	Account Name:		DC01$@LAB.LOCAL
	Account Domain:		LAB.LOCAL
	Logon GUID:		{ed8629cb-1f2c-0a25-f4df-b5a4dc3c34b3}

Service Information:
	Service Name:		DC01$
	Service ID:		S-1-5-21-3968859575-1936118435-1223628149-1000

Network Information:
	Client Address:		::1
	Client Port:		0

Additional Information:
	Ticket Options:		0x40810000
	Ticket Encryption Type:	0x12
	Failure Code:		0x0
	Transited Services:	-

This event is generated every time access is requested to a resource such as a computer or a Windows service.  The service name indicates the resource to which access was requested.

This event can be correlated with Windows logon events by comparing the Logon GUID fields in each event.  The logon event occurs on the machine that was accessed, which is often a different machine than the domain controller which issued the service ticket.

Ticket options, encryption types, and failure codes are defined in RFC 4120.","2025-08-06T15:03:17.000+0100",,DC01,main,37,"//_::_====..=___.===_=___==_____.\r\r_:\rt_:tt$@.\rt_:","WinEventLog:Security","WinEventLog:Security",Windows10,
"LAB.LOCAL","DC01$@LAB.LOCAL",,"::1",0,"DC01.lab.local",,4769,0,0x0,,,"Audit Success",,Security,"{c0e4ae20-fdb6-ac86-eb43-08360d2d6d19}",,,,"A Kerberos service ticket was requested.

Account Information:
	Account Name:		DC01$@LAB.LOCAL
	Account Domain:		LAB.LOCAL
	Logon GUID:		{c0e4ae20-fdb6-ac86-eb43-08360d2d6d19}

Service Information:
	Service Name:		DC01$
	Service ID:		S-1-5-21-3968859575-1936118435-1223628149-1000

Network Information:
	Client Address:		::1
	Client Port:		0

Additional Information:
	Ticket Options:		0x40800000
	Ticket Encryption Type:	0x12
	Failure Code:		0x0
	Transited Services:	-

This event is generated every time access is requested to a resource such as a computer or a Windows service.  The service name indicates the resource to which access was requested.

This event can be correlated with Windows logon events by comparing the Logon GUID fields in each event.  The logon event occurs on the machine that was accessed, which is often a different machine than the domain controller which issued the service ticket.

Ticket options, encryption types, and failure codes are defined in RFC 4120.",,,Info,,,,15939,,,"S-1-5-21-3968859575-1936118435-1223628149-1000","DC01$","Microsoft Windows security auditing.",,,"Kerberos Service Ticket Operations",0x12,0x40800000,"-",Information,,,"08/06/2025 07:03:15 AM
LogName=Security
EventCode=4769
EventType=0
ComputerName=DC01.lab.local
SourceName=Microsoft Windows security auditing.
Type=Information
RecordNumber=15939
Keywords=Audit Success
TaskCategory=Kerberos Service Ticket Operations
OpCode=Info
Message=A Kerberos service ticket was requested.

Account Information:
	Account Name:		DC01$@LAB.LOCAL
	Account Domain:		LAB.LOCAL
	Logon GUID:		{c0e4ae20-fdb6-ac86-eb43-08360d2d6d19}

Service Information:
	Service Name:		DC01$
	Service ID:		S-1-5-21-3968859575-1936118435-1223628149-1000

Network Information:
	Client Address:		::1
	Client Port:		0

Additional Information:
	Ticket Options:		0x40800000
	Ticket Encryption Type:	0x12
	Failure Code:		0x0
	Transited Services:	-

This event is generated every time access is requested to a resource such as a computer or a Windows service.  The service name indicates the resource to which access was requested.

This event can be correlated with Windows logon events by comparing the Logon GUID fields in each event.  The logon event occurs on the machine that was accessed, which is often a different machine than the domain controller which issued the service ticket.

Ticket options, encryption types, and failure codes are defined in RFC 4120.","2025-08-06T15:03:15.000+0100",,DC01,main,37,"//_::_====..=___.===_=___==_____.\r\r_:\rt_:tt$@.\rt_:","WinEventLog:Security","WinEventLog:Security",Windows10,
"LAB.LOCAL","DC01$@LAB.LOCAL",,"::1",0,"DC01.lab.local",,4769,0,0x0,,,"Audit Success",,Security,"{65936dfb-af32-cac8-216a-e55ea4acfc16}",,,,"A Kerberos service ticket was requested.

Account Information:
	Account Name:		DC01$@LAB.LOCAL
	Account Domain:		LAB.LOCAL
	Logon GUID:		{65936dfb-af32-cac8-216a-e55ea4acfc16}

Service Information:
	Service Name:		krbtgt
	Service ID:		S-1-5-21-3968859575-1936118435-1223628149-502

Network Information:
	Client Address:		::1
	Client Port:		0

Additional Information:
	Ticket Options:		0x60810010
	Ticket Encryption Type:	0x12
	Failure Code:		0x0
	Transited Services:	-

This event is generated every time access is requested to a resource such as a computer or a Windows service.  The service name indicates the resource to which access was requested.

This event can be correlated with Windows logon events by comparing the Logon GUID fields in each event.  The logon event occurs on the machine that was accessed, which is often a different machine than the domain controller which issued the service ticket.

Ticket options, encryption types, and failure codes are defined in RFC 4120.",,,Info,,,,15917,,,"S-1-5-21-3968859575-1936118435-1223628149-502",krbtgt,"Microsoft Windows security auditing.",,,"Kerberos Service Ticket Operations",0x12,0x60810010,"-",Information,,,"08/06/2025 07:02:34 AM
LogName=Security
EventCode=4769
EventType=0
ComputerName=DC01.lab.local
SourceName=Microsoft Windows security auditing.
Type=Information
RecordNumber=15917
Keywords=Audit Success
TaskCategory=Kerberos Service Ticket Operations
OpCode=Info
Message=A Kerberos service ticket was requested.

Account Information:
	Account Name:		DC01$@LAB.LOCAL
	Account Domain:		LAB.LOCAL
	Logon GUID:		{65936dfb-af32-cac8-216a-e55ea4acfc16}

Service Information:
	Service Name:		krbtgt
	Service ID:		S-1-5-21-3968859575-1936118435-1223628149-502

Network Information:
	Client Address:		::1
	Client Port:		0

Additional Information:
	Ticket Options:		0x60810010
	Ticket Encryption Type:	0x12
	Failure Code:		0x0
	Transited Services:	-

This event is generated every time access is requested to a resource such as a computer or a Windows service.  The service name indicates the resource to which access was requested.

This event can be correlated with Windows logon events by comparing the Logon GUID fields in each event.  The logon event occurs on the machine that was accessed, which is often a different machine than the domain controller which issued the service ticket.

Ticket options, encryption types, and failure codes are defined in RFC 4120.","2025-08-06T15:02:34.000+0100",,DC01,main,37,"//_::_====..=___.===_=___==_____.\r\r_:\rt_:tt$@.\rt_:","WinEventLog:Security","WinEventLog:Security",Windows10,
"LAB.LOCAL","DC01$@LAB.LOCAL",,"::1",0,"DC01.lab.local",,4769,0,0x0,,,"Audit Success",,Security,"{65936dfb-af32-cac8-216a-e55ea4acfc16}",,,,"A Kerberos service ticket was requested.

Account Information:
	Account Name:		DC01$@LAB.LOCAL
	Account Domain:		LAB.LOCAL
	Logon GUID:		{65936dfb-af32-cac8-216a-e55ea4acfc16}

Service Information:
	Service Name:		DC01$
	Service ID:		S-1-5-21-3968859575-1936118435-1223628149-1000

Network Information:
	Client Address:		::1
	Client Port:		0

Additional Information:
	Ticket Options:		0x40810000
	Ticket Encryption Type:	0x12
	Failure Code:		0x0
	Transited Services:	-

This event is generated every time access is requested to a resource such as a computer or a Windows service.  The service name indicates the resource to which access was requested.

This event can be correlated with Windows logon events by comparing the Logon GUID fields in each event.  The logon event occurs on the machine that was accessed, which is often a different machine than the domain controller which issued the service ticket.

Ticket options, encryption types, and failure codes are defined in RFC 4120.",,,Info,,,,15916,,,"S-1-5-21-3968859575-1936118435-1223628149-1000","DC01$","Microsoft Windows security auditing.",,,"Kerberos Service Ticket Operations",0x12,0x40810000,"-",Information,,,"08/06/2025 07:02:34 AM
LogName=Security
EventCode=4769
EventType=0
ComputerName=DC01.lab.local
SourceName=Microsoft Windows security auditing.
Type=Information
RecordNumber=15916
Keywords=Audit Success
TaskCategory=Kerberos Service Ticket Operations
OpCode=Info
Message=A Kerberos service ticket was requested.

Account Information:
	Account Name:		DC01$@LAB.LOCAL
	Account Domain:		LAB.LOCAL
	Logon GUID:		{65936dfb-af32-cac8-216a-e55ea4acfc16}

Service Information:
	Service Name:		DC01$
	Service ID:		S-1-5-21-3968859575-1936118435-1223628149-1000

Network Information:
	Client Address:		::1
	Client Port:		0

Additional Information:
	Ticket Options:		0x40810000
	Ticket Encryption Type:	0x12
	Failure Code:		0x0
	Transited Services:	-

This event is generated every time access is requested to a resource such as a computer or a Windows service.  The service name indicates the resource to which access was requested.

This event can be correlated with Windows logon events by comparing the Logon GUID fields in each event.  The logon event occurs on the machine that was accessed, which is often a different machine than the domain controller which issued the service ticket.

Ticket options, encryption types, and failure codes are defined in RFC 4120.","2025-08-06T15:02:34.000+0100",,DC01,main,37,"//_::_====..=___.===_=___==_____.\r\r_:\rt_:tt$@.\rt_:","WinEventLog:Security","WinEventLog:Security",Windows10,
"LAB.LOCAL","DC01$@LAB.LOCAL",,"::1",0,"DC01.lab.local",,4769,0,0x0,,,"Audit Success",,Security,"{b0db3ddb-6be2-a976-d9be-b3f10cdd8252}",,,,"A Kerberos service ticket was requested.

Account Information:
	Account Name:		DC01$@LAB.LOCAL
	Account Domain:		LAB.LOCAL
	Logon GUID:		{b0db3ddb-6be2-a976-d9be-b3f10cdd8252}

Service Information:
	Service Name:		DC01$
	Service ID:		S-1-5-21-3968859575-1936118435-1223628149-1000

Network Information:
	Client Address:		::1
	Client Port:		0

Additional Information:
	Ticket Options:		0x40810000
	Ticket Encryption Type:	0x12
	Failure Code:		0x0
	Transited Services:	-

This event is generated every time access is requested to a resource such as a computer or a Windows service.  The service name indicates the resource to which access was requested.

This event can be correlated with Windows logon events by comparing the Logon GUID fields in each event.  The logon event occurs on the machine that was accessed, which is often a different machine than the domain controller which issued the service ticket.

Ticket options, encryption types, and failure codes are defined in RFC 4120.",,,Info,,,,15880,,,"S-1-5-21-3968859575-1936118435-1223628149-1000","DC01$","Microsoft Windows security auditing.",,,"Kerberos Service Ticket Operations",0x12,0x40810000,"-",Information,,,"08/06/2025 07:02:24 AM
LogName=Security
EventCode=4769
EventType=0
ComputerName=DC01.lab.local
SourceName=Microsoft Windows security auditing.
Type=Information
RecordNumber=15880
Keywords=Audit Success
TaskCategory=Kerberos Service Ticket Operations
OpCode=Info
Message=A Kerberos service ticket was requested.

Account Information:
	Account Name:		DC01$@LAB.LOCAL
	Account Domain:		LAB.LOCAL
	Logon GUID:		{b0db3ddb-6be2-a976-d9be-b3f10cdd8252}

Service Information:
	Service Name:		DC01$
	Service ID:		S-1-5-21-3968859575-1936118435-1223628149-1000

Network Information:
	Client Address:		::1
	Client Port:		0

Additional Information:
	Ticket Options:		0x40810000
	Ticket Encryption Type:	0x12
	Failure Code:		0x0
	Transited Services:	-

This event is generated every time access is requested to a resource such as a computer or a Windows service.  The service name indicates the resource to which access was requested.

This event can be correlated with Windows logon events by comparing the Logon GUID fields in each event.  The logon event occurs on the machine that was accessed, which is often a different machine than the domain controller which issued the service ticket.

Ticket options, encryption types, and failure codes are defined in RFC 4120.","2025-08-06T15:02:24.000+0100",,DC01,main,37,"//_::_====..=___.===_=___==_____.\r\r_:\rt_:tt$@.\rt_:","WinEventLog:Security","WinEventLog:Security",Windows10,
"LAB.LOCAL","DC01$@LAB.LOCAL",,"::1",0,"DC01.lab.local",,4769,0,0x0,,,"Audit Success",,Security,"{505d7071-fd49-18e3-4d0a-bb65d4f76c56}",,,,"A Kerberos service ticket was requested.

Account Information:
	Account Name:		DC01$@LAB.LOCAL
	Account Domain:		LAB.LOCAL
	Logon GUID:		{505d7071-fd49-18e3-4d0a-bb65d4f76c56}

Service Information:
	Service Name:		DC01$
	Service ID:		S-1-5-21-3968859575-1936118435-1223628149-1000

Network Information:
	Client Address:		::1
	Client Port:		0

Additional Information:
	Ticket Options:		0x40810000
	Ticket Encryption Type:	0x12
	Failure Code:		0x0
	Transited Services:	-

This event is generated every time access is requested to a resource such as a computer or a Windows service.  The service name indicates the resource to which access was requested.

This event can be correlated with Windows logon events by comparing the Logon GUID fields in each event.  The logon event occurs on the machine that was accessed, which is often a different machine than the domain controller which issued the service ticket.

Ticket options, encryption types, and failure codes are defined in RFC 4120.",,,Info,,,,15871,,,"S-1-5-21-3968859575-1936118435-1223628149-1000","DC01$","Microsoft Windows security auditing.",,,"Kerberos Service Ticket Operations",0x12,0x40810000,"-",Information,,,"08/06/2025 07:02:23 AM
LogName=Security
EventCode=4769
EventType=0
ComputerName=DC01.lab.local
SourceName=Microsoft Windows security auditing.
Type=Information
RecordNumber=15871
Keywords=Audit Success
TaskCategory=Kerberos Service Ticket Operations
OpCode=Info
Message=A Kerberos service ticket was requested.

Account Information:
	Account Name:		DC01$@LAB.LOCAL
	Account Domain:		LAB.LOCAL
	Logon GUID:		{505d7071-fd49-18e3-4d0a-bb65d4f76c56}

Service Information:
	Service Name:		DC01$
	Service ID:		S-1-5-21-3968859575-1936118435-1223628149-1000

Network Information:
	Client Address:		::1
	Client Port:		0

Additional Information:
	Ticket Options:		0x40810000
	Ticket Encryption Type:	0x12
	Failure Code:		0x0
	Transited Services:	-

This event is generated every time access is requested to a resource such as a computer or a Windows service.  The service name indicates the resource to which access was requested.

This event can be correlated with Windows logon events by comparing the Logon GUID fields in each event.  The logon event occurs on the machine that was accessed, which is often a different machine than the domain controller which issued the service ticket.

Ticket options, encryption types, and failure codes are defined in RFC 4120.","2025-08-06T15:02:23.000+0100",,DC01,main,37,"//_::_====..=___.===_=___==_____.\r\r_:\rt_:tt$@.\rt_:","WinEventLog:Security","WinEventLog:Security",Windows10,
"LAB.LOCAL","DC01$@LAB.LOCAL",,"::1",0,"DC01.lab.local",,4769,0,0x0,,,"Audit Success",,Security,"{505d7071-fd49-18e3-4d0a-bb65d4f76c56}",,,,"A Kerberos service ticket was requested.

Account Information:
	Account Name:		DC01$@LAB.LOCAL
	Account Domain:		LAB.LOCAL
	Logon GUID:		{505d7071-fd49-18e3-4d0a-bb65d4f76c56}

Service Information:
	Service Name:		DC01$
	Service ID:		S-1-5-21-3968859575-1936118435-1223628149-1000

Network Information:
	Client Address:		::1
	Client Port:		0

Additional Information:
	Ticket Options:		0x40800000
	Ticket Encryption Type:	0x12
	Failure Code:		0x0
	Transited Services:	-

This event is generated every time access is requested to a resource such as a computer or a Windows service.  The service name indicates the resource to which access was requested.

This event can be correlated with Windows logon events by comparing the Logon GUID fields in each event.  The logon event occurs on the machine that was accessed, which is often a different machine than the domain controller which issued the service ticket.

Ticket options, encryption types, and failure codes are defined in RFC 4120.",,,Info,,,,15867,,,"S-1-5-21-3968859575-1936118435-1223628149-1000","DC01$","Microsoft Windows security auditing.",,,"Kerberos Service Ticket Operations",0x12,0x40800000,"-",Information,,,"08/06/2025 07:02:23 AM
LogName=Security
EventCode=4769
EventType=0
ComputerName=DC01.lab.local
SourceName=Microsoft Windows security auditing.
Type=Information
RecordNumber=15867
Keywords=Audit Success
TaskCategory=Kerberos Service Ticket Operations
OpCode=Info
Message=A Kerberos service ticket was requested.

Account Information:
	Account Name:		DC01$@LAB.LOCAL
	Account Domain:		LAB.LOCAL
	Logon GUID:		{505d7071-fd49-18e3-4d0a-bb65d4f76c56}

Service Information:
	Service Name:		DC01$
	Service ID:		S-1-5-21-3968859575-1936118435-1223628149-1000

Network Information:
	Client Address:		::1
	Client Port:		0

Additional Information:
	Ticket Options:		0x40800000
	Ticket Encryption Type:	0x12
	Failure Code:		0x0
	Transited Services:	-

This event is generated every time access is requested to a resource such as a computer or a Windows service.  The service name indicates the resource to which access was requested.

This event can be correlated with Windows logon events by comparing the Logon GUID fields in each event.  The logon event occurs on the machine that was accessed, which is often a different machine than the domain controller which issued the service ticket.

Ticket options, encryption types, and failure codes are defined in RFC 4120.","2025-08-06T15:02:23.000+0100",,DC01,main,37,"//_::_====..=___.===_=___==_____.\r\r_:\rt_:tt$@.\rt_:","WinEventLog:Security","WinEventLog:Security",Windows10,
"LAB.LOCAL","DC01$@LAB.LOCAL",,"::1",0,"DC01.lab.local",,4769,0,0x0,,,"Audit Success",,Security,"{8cb286fc-82da-e0a0-04a6-7c10a8cdcb47}",,,,"A Kerberos service ticket was requested.

Account Information:
	Account Name:		DC01$@LAB.LOCAL
	Account Domain:		LAB.LOCAL
	Logon GUID:		{8cb286fc-82da-e0a0-04a6-7c10a8cdcb47}

Service Information:
	Service Name:		krbtgt
	Service ID:		S-1-5-21-3968859575-1936118435-1223628149-502

Network Information:
	Client Address:		::1
	Client Port:		0

Additional Information:
	Ticket Options:		0x60810010
	Ticket Encryption Type:	0x12
	Failure Code:		0x0
	Transited Services:	-

This event is generated every time access is requested to a resource such as a computer or a Windows service.  The service name indicates the resource to which access was requested.

This event can be correlated with Windows logon events by comparing the Logon GUID fields in each event.  The logon event occurs on the machine that was accessed, which is often a different machine than the domain controller which issued the service ticket.

Ticket options, encryption types, and failure codes are defined in RFC 4120.",,,Info,,,,15858,,,"S-1-5-21-3968859575-1936118435-1223628149-502",krbtgt,"Microsoft Windows security auditing.",,,"Kerberos Service Ticket Operations",0x12,0x60810010,"-",Information,,,"08/06/2025 07:01:45 AM
LogName=Security
EventCode=4769
EventType=0
ComputerName=DC01.lab.local
SourceName=Microsoft Windows security auditing.
Type=Information
RecordNumber=15858
Keywords=Audit Success
TaskCategory=Kerberos Service Ticket Operations
OpCode=Info
Message=A Kerberos service ticket was requested.

Account Information:
	Account Name:		DC01$@LAB.LOCAL
	Account Domain:		LAB.LOCAL
	Logon GUID:		{8cb286fc-82da-e0a0-04a6-7c10a8cdcb47}

Service Information:
	Service Name:		krbtgt
	Service ID:		S-1-5-21-3968859575-1936118435-1223628149-502

Network Information:
	Client Address:		::1
	Client Port:		0

Additional Information:
	Ticket Options:		0x60810010
	Ticket Encryption Type:	0x12
	Failure Code:		0x0
	Transited Services:	-

This event is generated every time access is requested to a resource such as a computer or a Windows service.  The service name indicates the resource to which access was requested.

This event can be correlated with Windows logon events by comparing the Logon GUID fields in each event.  The logon event occurs on the machine that was accessed, which is often a different machine than the domain controller which issued the service ticket.

Ticket options, encryption types, and failure codes are defined in RFC 4120.","2025-08-06T15:01:45.000+0100",,DC01,main,37,"//_::_====..=___.===_=___==_____.\r\r_:\rt_:tt$@.\rt_:","WinEventLog:Security","WinEventLog:Security",Windows10,
"LAB.LOCAL","DC01$@LAB.LOCAL",,"::1",0,"DC01.lab.local",,4769,0,0x0,,,"Audit Success",,Security,"{f680ac25-6189-5939-778d-512fc3488265}",,,,"A Kerberos service ticket was requested.

Account Information:
	Account Name:		DC01$@LAB.LOCAL
	Account Domain:		LAB.LOCAL
	Logon GUID:		{f680ac25-6189-5939-778d-512fc3488265}

Service Information:
	Service Name:		DC01$
	Service ID:		S-1-5-21-3968859575-1936118435-1223628149-1000

Network Information:
	Client Address:		::1
	Client Port:		0

Additional Information:
	Ticket Options:		0x40800000
	Ticket Encryption Type:	0x12
	Failure Code:		0x0
	Transited Services:	-

This event is generated every time access is requested to a resource such as a computer or a Windows service.  The service name indicates the resource to which access was requested.

This event can be correlated with Windows logon events by comparing the Logon GUID fields in each event.  The logon event occurs on the machine that was accessed, which is often a different machine than the domain controller which issued the service ticket.

Ticket options, encryption types, and failure codes are defined in RFC 4120.",,,Info,,,,15847,,,"S-1-5-21-3968859575-1936118435-1223628149-1000","DC01$","Microsoft Windows security auditing.",,,"Kerberos Service Ticket Operations",0x12,0x40800000,"-",Information,,,"08/06/2025 07:01:40 AM
LogName=Security
EventCode=4769
EventType=0
ComputerName=DC01.lab.local
SourceName=Microsoft Windows security auditing.
Type=Information
RecordNumber=15847
Keywords=Audit Success
TaskCategory=Kerberos Service Ticket Operations
OpCode=Info
Message=A Kerberos service ticket was requested.

Account Information:
	Account Name:		DC01$@LAB.LOCAL
	Account Domain:		LAB.LOCAL
	Logon GUID:		{f680ac25-6189-5939-778d-512fc3488265}

Service Information:
	Service Name:		DC01$
	Service ID:		S-1-5-21-3968859575-1936118435-1223628149-1000

Network Information:
	Client Address:		::1
	Client Port:		0

Additional Information:
	Ticket Options:		0x40800000
	Ticket Encryption Type:	0x12
	Failure Code:		0x0
	Transited Services:	-

This event is generated every time access is requested to a resource such as a computer or a Windows service.  The service name indicates the resource to which access was requested.

This event can be correlated with Windows logon events by comparing the Logon GUID fields in each event.  The logon event occurs on the machine that was accessed, which is often a different machine than the domain controller which issued the service ticket.

Ticket options, encryption types, and failure codes are defined in RFC 4120.","2025-08-06T15:01:40.000+0100",,DC01,main,37,"//_::_====..=___.===_=___==_____.\r\r_:\rt_:tt$@.\rt_:","WinEventLog:Security","WinEventLog:Security",Windows10,
"LAB.LOCAL","DC01$@LAB.LOCAL",,"::1",0,"DC01.lab.local",,4769,0,0x0,,,"Audit Success",,Security,"{5def695d-d49f-367b-5255-4f318edb5dd1}",,,,"A Kerberos service ticket was requested.

Account Information:
	Account Name:		DC01$@LAB.LOCAL
	Account Domain:		LAB.LOCAL
	Logon GUID:		{5def695d-d49f-367b-5255-4f318edb5dd1}

Service Information:
	Service Name:		DC01$
	Service ID:		S-1-5-21-3968859575-1936118435-1223628149-1000

Network Information:
	Client Address:		::1
	Client Port:		0

Additional Information:
	Ticket Options:		0x40810000
	Ticket Encryption Type:	0x12
	Failure Code:		0x0
	Transited Services:	-

This event is generated every time access is requested to a resource such as a computer or a Windows service.  The service name indicates the resource to which access was requested.

This event can be correlated with Windows logon events by comparing the Logon GUID fields in each event.  The logon event occurs on the machine that was accessed, which is often a different machine than the domain controller which issued the service ticket.

Ticket options, encryption types, and failure codes are defined in RFC 4120.",,,Info,,,,15846,,,"S-1-5-21-3968859575-1936118435-1223628149-1000","DC01$","Microsoft Windows security auditing.",,,"Kerberos Service Ticket Operations",0x12,0x40810000,"-",Information,,,"08/06/2025 07:01:39 AM
LogName=Security
EventCode=4769
EventType=0
ComputerName=DC01.lab.local
SourceName=Microsoft Windows security auditing.
Type=Information
RecordNumber=15846
Keywords=Audit Success
TaskCategory=Kerberos Service Ticket Operations
OpCode=Info
Message=A Kerberos service ticket was requested.

Account Information:
	Account Name:		DC01$@LAB.LOCAL
	Account Domain:		LAB.LOCAL
	Logon GUID:		{5def695d-d49f-367b-5255-4f318edb5dd1}

Service Information:
	Service Name:		DC01$
	Service ID:		S-1-5-21-3968859575-1936118435-1223628149-1000

Network Information:
	Client Address:		::1
	Client Port:		0

Additional Information:
	Ticket Options:		0x40810000
	Ticket Encryption Type:	0x12
	Failure Code:		0x0
	Transited Services:	-

This event is generated every time access is requested to a resource such as a computer or a Windows service.  The service name indicates the resource to which access was requested.

This event can be correlated with Windows logon events by comparing the Logon GUID fields in each event.  The logon event occurs on the machine that was accessed, which is often a different machine than the domain controller which issued the service ticket.

Ticket options, encryption types, and failure codes are defined in RFC 4120.","2025-08-06T15:01:39.000+0100",,DC01,main,37,"//_::_====..=___.===_=___==_____.\r\r_:\rt_:tt$@.\rt_:","WinEventLog:Security","WinEventLog:Security",Windows10,
"LAB.LOCAL","DC01$@LAB.LOCAL",,"::1",0,"DC01.lab.local",,4769,0,0x0,,,"Audit Success",,Security,"{5def695d-d49f-367b-5255-4f318edb5dd1}",,,,"A Kerberos service ticket was requested.

Account Information:
	Account Name:		DC01$@LAB.LOCAL
	Account Domain:		LAB.LOCAL
	Logon GUID:		{5def695d-d49f-367b-5255-4f318edb5dd1}

Service Information:
	Service Name:		DC01$
	Service ID:		S-1-5-21-3968859575-1936118435-1223628149-1000

Network Information:
	Client Address:		::1
	Client Port:		0

Additional Information:
	Ticket Options:		0x40810000
	Ticket Encryption Type:	0x12
	Failure Code:		0x0
	Transited Services:	-

This event is generated every time access is requested to a resource such as a computer or a Windows service.  The service name indicates the resource to which access was requested.

This event can be correlated with Windows logon events by comparing the Logon GUID fields in each event.  The logon event occurs on the machine that was accessed, which is often a different machine than the domain controller which issued the service ticket.

Ticket options, encryption types, and failure codes are defined in RFC 4120.",,,Info,,,,15845,,,"S-1-5-21-3968859575-1936118435-1223628149-1000","DC01$","Microsoft Windows security auditing.",,,"Kerberos Service Ticket Operations",0x12,0x40810000,"-",Information,,,"08/06/2025 07:01:39 AM
LogName=Security
EventCode=4769
EventType=0
ComputerName=DC01.lab.local
SourceName=Microsoft Windows security auditing.
Type=Information
RecordNumber=15845
Keywords=Audit Success
TaskCategory=Kerberos Service Ticket Operations
OpCode=Info
Message=A Kerberos service ticket was requested.

Account Information:
	Account Name:		DC01$@LAB.LOCAL
	Account Domain:		LAB.LOCAL
	Logon GUID:		{5def695d-d49f-367b-5255-4f318edb5dd1}

Service Information:
	Service Name:		DC01$
	Service ID:		S-1-5-21-3968859575-1936118435-1223628149-1000

Network Information:
	Client Address:		::1
	Client Port:		0

Additional Information:
	Ticket Options:		0x40810000
	Ticket Encryption Type:	0x12
	Failure Code:		0x0
	Transited Services:	-

This event is generated every time access is requested to a resource such as a computer or a Windows service.  The service name indicates the resource to which access was requested.

This event can be correlated with Windows logon events by comparing the Logon GUID fields in each event.  The logon event occurs on the machine that was accessed, which is often a different machine than the domain controller which issued the service ticket.

Ticket options, encryption types, and failure codes are defined in RFC 4120.","2025-08-06T15:01:39.000+0100",,DC01,main,37,"//_::_====..=___.===_=___==_____.\r\r_:\rt_:tt$@.\rt_:","WinEventLog:Security","WinEventLog:Security",Windows10,
"LAB.LOCAL","DC01$@LAB.LOCAL",,"::1",0,"DC01.lab.local",,4769,0,0x0,,,"Audit Success",,Security,"{5def695d-d49f-367b-5255-4f318edb5dd1}",,,,"A Kerberos service ticket was requested.

Account Information:
	Account Name:		DC01$@LAB.LOCAL
	Account Domain:		LAB.LOCAL
	Logon GUID:		{5def695d-d49f-367b-5255-4f318edb5dd1}

Service Information:
	Service Name:		DC01$
	Service ID:		S-1-5-21-3968859575-1936118435-1223628149-1000

Network Information:
	Client Address:		::1
	Client Port:		0

Additional Information:
	Ticket Options:		0x40810000
	Ticket Encryption Type:	0x12
	Failure Code:		0x0
	Transited Services:	-

This event is generated every time access is requested to a resource such as a computer or a Windows service.  The service name indicates the resource to which access was requested.

This event can be correlated with Windows logon events by comparing the Logon GUID fields in each event.  The logon event occurs on the machine that was accessed, which is often a different machine than the domain controller which issued the service ticket.

Ticket options, encryption types, and failure codes are defined in RFC 4120.",,,Info,,,,15844,,,"S-1-5-21-3968859575-1936118435-1223628149-1000","DC01$","Microsoft Windows security auditing.",,,"Kerberos Service Ticket Operations",0x12,0x40810000,"-",Information,,,"08/06/2025 07:01:39 AM
LogName=Security
EventCode=4769
EventType=0
ComputerName=DC01.lab.local
SourceName=Microsoft Windows security auditing.
Type=Information
RecordNumber=15844
Keywords=Audit Success
TaskCategory=Kerberos Service Ticket Operations
OpCode=Info
Message=A Kerberos service ticket was requested.

Account Information:
	Account Name:		DC01$@LAB.LOCAL
	Account Domain:		LAB.LOCAL
	Logon GUID:		{5def695d-d49f-367b-5255-4f318edb5dd1}

Service Information:
	Service Name:		DC01$
	Service ID:		S-1-5-21-3968859575-1936118435-1223628149-1000

Network Information:
	Client Address:		::1
	Client Port:		0

Additional Information:
	Ticket Options:		0x40810000
	Ticket Encryption Type:	0x12
	Failure Code:		0x0
	Transited Services:	-

This event is generated every time access is requested to a resource such as a computer or a Windows service.  The service name indicates the resource to which access was requested.

This event can be correlated with Windows logon events by comparing the Logon GUID fields in each event.  The logon event occurs on the machine that was accessed, which is often a different machine than the domain controller which issued the service ticket.

Ticket options, encryption types, and failure codes are defined in RFC 4120.","2025-08-06T15:01:39.000+0100",,DC01,main,37,"//_::_====..=___.===_=___==_____.\r\r_:\rt_:tt$@.\rt_:","WinEventLog:Security","WinEventLog:Security",Windows10,
"LAB.LOCAL","DC01$@LAB.LOCAL",,"::1",0,"DC01.lab.local",,4769,0,0x0,,,"Audit Success",,Security,"{e278ce62-f646-f66b-4cc3-97e710521e5a}",,,,"A Kerberos service ticket was requested.

Account Information:
	Account Name:		DC01$@LAB.LOCAL
	Account Domain:		LAB.LOCAL
	Logon GUID:		{e278ce62-f646-f66b-4cc3-97e710521e5a}

Service Information:
	Service Name:		DC01$
	Service ID:		S-1-5-21-3968859575-1936118435-1223628149-1000

Network Information:
	Client Address:		::1
	Client Port:		0

Additional Information:
	Ticket Options:		0x40800000
	Ticket Encryption Type:	0x12
	Failure Code:		0x0
	Transited Services:	-

This event is generated every time access is requested to a resource such as a computer or a Windows service.  The service name indicates the resource to which access was requested.

This event can be correlated with Windows logon events by comparing the Logon GUID fields in each event.  The logon event occurs on the machine that was accessed, which is often a different machine than the domain controller which issued the service ticket.

Ticket options, encryption types, and failure codes are defined in RFC 4120.",,,Info,,,,15599,,,"S-1-5-21-3968859575-1936118435-1223628149-1000","DC01$","Microsoft Windows security auditing.",,,"Kerberos Service Ticket Operations",0x12,0x40800000,"-",Information,,,"08/04/2025 07:34:00 AM
LogName=Security
EventCode=4769
EventType=0
ComputerName=DC01.lab.local
SourceName=Microsoft Windows security auditing.
Type=Information
RecordNumber=15599
Keywords=Audit Success
TaskCategory=Kerberos Service Ticket Operations
OpCode=Info
Message=A Kerberos service ticket was requested.

Account Information:
	Account Name:		DC01$@LAB.LOCAL
	Account Domain:		LAB.LOCAL
	Logon GUID:		{e278ce62-f646-f66b-4cc3-97e710521e5a}

Service Information:
	Service Name:		DC01$
	Service ID:		S-1-5-21-3968859575-1936118435-1223628149-1000

Network Information:
	Client Address:		::1
	Client Port:		0

Additional Information:
	Ticket Options:		0x40800000
	Ticket Encryption Type:	0x12
	Failure Code:		0x0
	Transited Services:	-

This event is generated every time access is requested to a resource such as a computer or a Windows service.  The service name indicates the resource to which access was requested.

This event can be correlated with Windows logon events by comparing the Logon GUID fields in each event.  The logon event occurs on the machine that was accessed, which is often a different machine than the domain controller which issued the service ticket.

Ticket options, encryption types, and failure codes are defined in RFC 4120.","2025-08-04T15:34:00.000+0100",,DC01,main,37,"//_::_====..=___.===_=___==_____.\r\r_:\rt_:tt$@.\rt_:","WinEventLog:Security","WinEventLog:Security",Windows10,
"LAB.LOCAL","DC01$@LAB.LOCAL",,"::1",0,"DC01.lab.local",,4769,0,0x0,,,"Audit Success",,Security,"{0848e8c3-8857-3725-6d7d-a36071f5604c}",,,,"A Kerberos service ticket was requested.

Account Information:
	Account Name:		DC01$@LAB.LOCAL
	Account Domain:		LAB.LOCAL
	Logon GUID:		{0848e8c3-8857-3725-6d7d-a36071f5604c}

Service Information:
	Service Name:		DC01$
	Service ID:		S-1-5-21-3968859575-1936118435-1223628149-1000

Network Information:
	Client Address:		::1
	Client Port:		0

Additional Information:
	Ticket Options:		0x40810000
	Ticket Encryption Type:	0x12
	Failure Code:		0x0
	Transited Services:	-

This event is generated every time access is requested to a resource such as a computer or a Windows service.  The service name indicates the resource to which access was requested.

This event can be correlated with Windows logon events by comparing the Logon GUID fields in each event.  The logon event occurs on the machine that was accessed, which is often a different machine than the domain controller which issued the service ticket.

Ticket options, encryption types, and failure codes are defined in RFC 4120.",,,Info,,,,15560,,,"S-1-5-21-3968859575-1936118435-1223628149-1000","DC01$","Microsoft Windows security auditing.",,,"Kerberos Service Ticket Operations",0x12,0x40810000,"-",Information,,,"08/04/2025 07:28:12 AM
LogName=Security
EventCode=4769
EventType=0
ComputerName=DC01.lab.local
SourceName=Microsoft Windows security auditing.
Type=Information
RecordNumber=15560
Keywords=Audit Success
TaskCategory=Kerberos Service Ticket Operations
OpCode=Info
Message=A Kerberos service ticket was requested.

Account Information:
	Account Name:		DC01$@LAB.LOCAL
	Account Domain:		LAB.LOCAL
	Logon GUID:		{0848e8c3-8857-3725-6d7d-a36071f5604c}

Service Information:
	Service Name:		DC01$
	Service ID:		S-1-5-21-3968859575-1936118435-1223628149-1000

Network Information:
	Client Address:		::1
	Client Port:		0

Additional Information:
	Ticket Options:		0x40810000
	Ticket Encryption Type:	0x12
	Failure Code:		0x0
	Transited Services:	-

This event is generated every time access is requested to a resource such as a computer or a Windows service.  The service name indicates the resource to which access was requested.

This event can be correlated with Windows logon events by comparing the Logon GUID fields in each event.  The logon event occurs on the machine that was accessed, which is often a different machine than the domain controller which issued the service ticket.

Ticket options, encryption types, and failure codes are defined in RFC 4120.","2025-08-04T15:28:12.000+0100",,DC01,main,37,"//_::_====..=___.===_=___==_____.\r\r_:\rt_:tt$@.\rt_:","WinEventLog:Security","WinEventLog:Security",Windows10,
