"LAB.LOCAL","Administrator@LAB.LOCAL",,"::1",0,"DC01.lab.local",,4769,0,0x0,,,"Audit Success",,Security,"{0a4df635-c8b9-1b74-78a4-2a26ef7e4695}",,,,"A Kerberos service ticket was requested.

Account Information:
	Account Name:		Administrator@LAB.LOCAL
	Account Domain:		LAB.LOCAL
	Logon GUID:		{0a4df635-c8b9-1b74-78a4-2a26ef7e4695}

Service Information:
	Service Name:		DC01$
	Service ID:		S-1-5-21-3968859575-1936118435-1223628149-1000

Network Information:
	Client Address:		::1
	Client Port:		0

Additional Information:
	Ticket Options:		0x40810000
	Ticket Encryption Type:	0x12
	Failure Code:		0x0
	Transited Services:	-

This event is generated every time access is requested to a resource such as a computer or a Windows service.  The service name indicates the resource to which access was requested.

This event can be correlated with Windows logon events by comparing the Logon GUID fields in each event.  The logon event occurs on the machine that was accessed, which is often a different machine than the domain controller which issued the service ticket.

Ticket options, encryption types, and failure codes are defined in RFC 4120.",,,Info,,,,4917,,,"S-1-5-21-3968859575-1936118435-1223628149-1000","DC01$","Microsoft Windows security auditing.",,,"Kerberos Service Ticket Operations",0x12,0x40810000,"-",Information,,,"07/31/2025 02:56:44 PM
LogName=Security
EventCode=4769
EventType=0
ComputerName=DC01.lab.local
SourceName=Microsoft Windows security auditing.
Type=Information
RecordNumber=4917
Keywords=Audit Success
TaskCategory=Kerberos Service Ticket Operations
OpCode=Info
Message=A Kerberos service ticket was requested.

Account Information:
	Account Name:		Administrator@LAB.LOCAL
	Account Domain:		LAB.LOCAL
	Logon GUID:		{0a4df635-c8b9-1b74-78a4-2a26ef7e4695}

Service Information:
	Service Name:		DC01$
	Service ID:		S-1-5-21-3968859575-1936118435-1223628149-1000

Network Information:
	Client Address:		::1
	Client Port:		0

Additional Information:
	Ticket Options:		0x40810000
	Ticket Encryption Type:	0x12
	Failure Code:		0x0
	Transited Services:	-

This event is generated every time access is requested to a resource such as a computer or a Windows service.  The service name indicates the resource to which access was requested.

This event can be correlated with Windows logon events by comparing the Logon GUID fields in each event.  The logon event occurs on the machine that was accessed, which is often a different machine than the domain controller which issued the service ticket.

Ticket options, encryption types, and failure codes are defined in RFC 4120.","2025-07-31T22:56:44.000+0100",,DC01,main,37,"//_::_====..=___.===_=___==_____.\r\r_:\rt_:tt@.\rt_:t","WinEventLog:Security","WinEventLog:Security",Windows10,
"LAB.LOCAL","DC01$@LAB.LOCAL",,"::1",0,"DC01.lab.local",,4769,0,0x0,,,"Audit Success",,Security,"{da2975c4-1e07-3b02-6d44-780a914fb364}",,,,"A Kerberos service ticket was requested.

Account Information:
	Account Name:		DC01$@LAB.LOCAL
	Account Domain:		LAB.LOCAL
	Logon GUID:		{da2975c4-1e07-3b02-6d44-780a914fb364}

Service Information:
	Service Name:		DC01$
	Service ID:		S-1-5-21-3968859575-1936118435-1223628149-1000

Network Information:
	Client Address:		::1
	Client Port:		0

Additional Information:
	Ticket Options:		0x40810000
	Ticket Encryption Type:	0x12
	Failure Code:		0x0
	Transited Services:	-

This event is generated every time access is requested to a resource such as a computer or a Windows service.  The service name indicates the resource to which access was requested.

This event can be correlated with Windows logon events by comparing the Logon GUID fields in each event.  The logon event occurs on the machine that was accessed, which is often a different machine than the domain controller which issued the service ticket.

Ticket options, encryption types, and failure codes are defined in RFC 4120.",,,Info,,,,4859,,,"S-1-5-21-3968859575-1936118435-1223628149-1000","DC01$","Microsoft Windows security auditing.",,,"Kerberos Service Ticket Operations",0x12,0x40810000,"-",Information,,,"07/31/2025 02:56:23 PM
LogName=Security
EventCode=4769
EventType=0
ComputerName=DC01.lab.local
SourceName=Microsoft Windows security auditing.
Type=Information
RecordNumber=4859
Keywords=Audit Success
TaskCategory=Kerberos Service Ticket Operations
OpCode=Info
Message=A Kerberos service ticket was requested.

Account Information:
	Account Name:		DC01$@LAB.LOCAL
	Account Domain:		LAB.LOCAL
	Logon GUID:		{da2975c4-1e07-3b02-6d44-780a914fb364}

Service Information:
	Service Name:		DC01$
	Service ID:		S-1-5-21-3968859575-1936118435-1223628149-1000

Network Information:
	Client Address:		::1
	Client Port:		0

Additional Information:
	Ticket Options:		0x40810000
	Ticket Encryption Type:	0x12
	Failure Code:		0x0
	Transited Services:	-

This event is generated every time access is requested to a resource such as a computer or a Windows service.  The service name indicates the resource to which access was requested.

This event can be correlated with Windows logon events by comparing the Logon GUID fields in each event.  The logon event occurs on the machine that was accessed, which is often a different machine than the domain controller which issued the service ticket.

Ticket options, encryption types, and failure codes are defined in RFC 4120.","2025-07-31T22:56:23.000+0100",,DC01,main,37,"//_::_====..=___.===_=___==_____.\r\r_:\rt_:tt$@.\rt_:","WinEventLog:Security","WinEventLog:Security",Windows10,
"LAB.LOCAL","DC01$@LAB.LOCAL",,"::1",0,"DC01.lab.local",,4769,0,0x0,,,"Audit Success",,Security,"{da2975c4-1e07-3b02-6d44-780a914fb364}",,,,"A Kerberos service ticket was requested.

Account Information:
	Account Name:		DC01$@LAB.LOCAL
	Account Domain:		LAB.LOCAL
	Logon GUID:		{da2975c4-1e07-3b02-6d44-780a914fb364}

Service Information:
	Service Name:		DC01$
	Service ID:		S-1-5-21-3968859575-1936118435-1223628149-1000

Network Information:
	Client Address:		::1
	Client Port:		0

Additional Information:
	Ticket Options:		0x40810000
	Ticket Encryption Type:	0x12
	Failure Code:		0x0
	Transited Services:	-

This event is generated every time access is requested to a resource such as a computer or a Windows service.  The service name indicates the resource to which access was requested.

This event can be correlated with Windows logon events by comparing the Logon GUID fields in each event.  The logon event occurs on the machine that was accessed, which is often a different machine than the domain controller which issued the service ticket.

Ticket options, encryption types, and failure codes are defined in RFC 4120.",,,Info,,,,4850,,,"S-1-5-21-3968859575-1936118435-1223628149-1000","DC01$","Microsoft Windows security auditing.",,,"Kerberos Service Ticket Operations",0x12,0x40810000,"-",Information,,,"07/31/2025 02:56:23 PM
LogName=Security
EventCode=4769
EventType=0
ComputerName=DC01.lab.local
SourceName=Microsoft Windows security auditing.
Type=Information
RecordNumber=4850
Keywords=Audit Success
TaskCategory=Kerberos Service Ticket Operations
OpCode=Info
Message=A Kerberos service ticket was requested.

Account Information:
	Account Name:		DC01$@LAB.LOCAL
	Account Domain:		LAB.LOCAL
	Logon GUID:		{da2975c4-1e07-3b02-6d44-780a914fb364}

Service Information:
	Service Name:		DC01$
	Service ID:		S-1-5-21-3968859575-1936118435-1223628149-1000

Network Information:
	Client Address:		::1
	Client Port:		0

Additional Information:
	Ticket Options:		0x40810000
	Ticket Encryption Type:	0x12
	Failure Code:		0x0
	Transited Services:	-

This event is generated every time access is requested to a resource such as a computer or a Windows service.  The service name indicates the resource to which access was requested.

This event can be correlated with Windows logon events by comparing the Logon GUID fields in each event.  The logon event occurs on the machine that was accessed, which is often a different machine than the domain controller which issued the service ticket.

Ticket options, encryption types, and failure codes are defined in RFC 4120.","2025-07-31T22:56:23.000+0100",,DC01,main,37,"//_::_====..=___.===_=___==_____.\r\r_:\rt_:tt$@.\rt_:","WinEventLog:Security","WinEventLog:Security",Windows10,
"LAB.LOCAL","DC01$@LAB.LOCAL",,"::1",0,"DC01.lab.local",,4769,0,0x0,,,"Audit Success",,Security,"{1060daf1-f182-511d-08a9-ed92e177375a}",,,,"A Kerberos service ticket was requested.

Account Information:
	Account Name:		DC01$@LAB.LOCAL
	Account Domain:		LAB.LOCAL
	Logon GUID:		{1060daf1-f182-511d-08a9-ed92e177375a}

Service Information:
	Service Name:		DC01$
	Service ID:		S-1-5-21-3968859575-1936118435-1223628149-1000

Network Information:
	Client Address:		::1
	Client Port:		0

Additional Information:
	Ticket Options:		0x40810000
	Ticket Encryption Type:	0x12
	Failure Code:		0x0
	Transited Services:	-

This event is generated every time access is requested to a resource such as a computer or a Windows service.  The service name indicates the resource to which access was requested.

This event can be correlated with Windows logon events by comparing the Logon GUID fields in each event.  The logon event occurs on the machine that was accessed, which is often a different machine than the domain controller which issued the service ticket.

Ticket options, encryption types, and failure codes are defined in RFC 4120.",,,Info,,,,4825,,,"S-1-5-21-3968859575-1936118435-1223628149-1000","DC01$","Microsoft Windows security auditing.",,,"Kerberos Service Ticket Operations",0x12,0x40810000,"-",Information,,,"07/31/2025 02:56:10 PM
LogName=Security
EventCode=4769
EventType=0
ComputerName=DC01.lab.local
SourceName=Microsoft Windows security auditing.
Type=Information
RecordNumber=4825
Keywords=Audit Success
TaskCategory=Kerberos Service Ticket Operations
OpCode=Info
Message=A Kerberos service ticket was requested.

Account Information:
	Account Name:		DC01$@LAB.LOCAL
	Account Domain:		LAB.LOCAL
	Logon GUID:		{1060daf1-f182-511d-08a9-ed92e177375a}

Service Information:
	Service Name:		DC01$
	Service ID:		S-1-5-21-3968859575-1936118435-1223628149-1000

Network Information:
	Client Address:		::1
	Client Port:		0

Additional Information:
	Ticket Options:		0x40810000
	Ticket Encryption Type:	0x12
	Failure Code:		0x0
	Transited Services:	-

This event is generated every time access is requested to a resource such as a computer or a Windows service.  The service name indicates the resource to which access was requested.

This event can be correlated with Windows logon events by comparing the Logon GUID fields in each event.  The logon event occurs on the machine that was accessed, which is often a different machine than the domain controller which issued the service ticket.

Ticket options, encryption types, and failure codes are defined in RFC 4120.","2025-07-31T22:56:10.000+0100",,DC01,main,37,"//_::_====..=___.===_=___==_____.\r\r_:\rt_:tt$@.\rt_:","WinEventLog:Security","WinEventLog:Security",Windows10,
"LAB.LOCAL","DC01$@LAB.LOCAL",,"::1",0,"DC01.lab.local",,4769,0,0x0,,,"Audit Success",,Security,"{1060daf1-f182-511d-08a9-ed92e177375a}",,,,"A Kerberos service ticket was requested.

Account Information:
	Account Name:		DC01$@LAB.LOCAL
	Account Domain:		LAB.LOCAL
	Logon GUID:		{1060daf1-f182-511d-08a9-ed92e177375a}

Service Information:
	Service Name:		DC01$
	Service ID:		S-1-5-21-3968859575-1936118435-1223628149-1000

Network Information:
	Client Address:		::1
	Client Port:		0

Additional Information:
	Ticket Options:		0x40810000
	Ticket Encryption Type:	0x12
	Failure Code:		0x0
	Transited Services:	-

This event is generated every time access is requested to a resource such as a computer or a Windows service.  The service name indicates the resource to which access was requested.

This event can be correlated with Windows logon events by comparing the Logon GUID fields in each event.  The logon event occurs on the machine that was accessed, which is often a different machine than the domain controller which issued the service ticket.

Ticket options, encryption types, and failure codes are defined in RFC 4120.",,,Info,,,,4818,,,"S-1-5-21-3968859575-1936118435-1223628149-1000","DC01$","Microsoft Windows security auditing.",,,"Kerberos Service Ticket Operations",0x12,0x40810000,"-",Information,,,"07/31/2025 02:56:10 PM
LogName=Security
EventCode=4769
EventType=0
ComputerName=DC01.lab.local
SourceName=Microsoft Windows security auditing.
Type=Information
RecordNumber=4818
Keywords=Audit Success
TaskCategory=Kerberos Service Ticket Operations
OpCode=Info
Message=A Kerberos service ticket was requested.

Account Information:
	Account Name:		DC01$@LAB.LOCAL
	Account Domain:		LAB.LOCAL
	Logon GUID:		{1060daf1-f182-511d-08a9-ed92e177375a}

Service Information:
	Service Name:		DC01$
	Service ID:		S-1-5-21-3968859575-1936118435-1223628149-1000

Network Information:
	Client Address:		::1
	Client Port:		0

Additional Information:
	Ticket Options:		0x40810000
	Ticket Encryption Type:	0x12
	Failure Code:		0x0
	Transited Services:	-

This event is generated every time access is requested to a resource such as a computer or a Windows service.  The service name indicates the resource to which access was requested.

This event can be correlated with Windows logon events by comparing the Logon GUID fields in each event.  The logon event occurs on the machine that was accessed, which is often a different machine than the domain controller which issued the service ticket.

Ticket options, encryption types, and failure codes are defined in RFC 4120.","2025-07-31T22:56:10.000+0100",,DC01,main,37,"//_::_====..=___.===_=___==_____.\r\r_:\rt_:tt$@.\rt_:","WinEventLog:Security","WinEventLog:Security",Windows10,
"LAB.LOCAL","DC01$@LAB.LOCAL",,"::1",0,"DC01.lab.local",,4769,0,0x0,,,"Audit Success",,Security,"{1060daf1-f182-511d-08a9-ed92e177375a}",,,,"A Kerberos service ticket was requested.

Account Information:
	Account Name:		DC01$@LAB.LOCAL
	Account Domain:		LAB.LOCAL
	Logon GUID:		{1060daf1-f182-511d-08a9-ed92e177375a}

Service Information:
	Service Name:		DC01$
	Service ID:		S-1-5-21-3968859575-1936118435-1223628149-1000

Network Information:
	Client Address:		::1
	Client Port:		0

Additional Information:
	Ticket Options:		0x40810000
	Ticket Encryption Type:	0x12
	Failure Code:		0x0
	Transited Services:	-

This event is generated every time access is requested to a resource such as a computer or a Windows service.  The service name indicates the resource to which access was requested.

This event can be correlated with Windows logon events by comparing the Logon GUID fields in each event.  The logon event occurs on the machine that was accessed, which is often a different machine than the domain controller which issued the service ticket.

Ticket options, encryption types, and failure codes are defined in RFC 4120.",,,Info,,,,4815,,,"S-1-5-21-3968859575-1936118435-1223628149-1000","DC01$","Microsoft Windows security auditing.",,,"Kerberos Service Ticket Operations",0x12,0x40810000,"-",Information,,,"07/31/2025 02:56:10 PM
LogName=Security
EventCode=4769
EventType=0
ComputerName=DC01.lab.local
SourceName=Microsoft Windows security auditing.
Type=Information
RecordNumber=4815
Keywords=Audit Success
TaskCategory=Kerberos Service Ticket Operations
OpCode=Info
Message=A Kerberos service ticket was requested.

Account Information:
	Account Name:		DC01$@LAB.LOCAL
	Account Domain:		LAB.LOCAL
	Logon GUID:		{1060daf1-f182-511d-08a9-ed92e177375a}

Service Information:
	Service Name:		DC01$
	Service ID:		S-1-5-21-3968859575-1936118435-1223628149-1000

Network Information:
	Client Address:		::1
	Client Port:		0

Additional Information:
	Ticket Options:		0x40810000
	Ticket Encryption Type:	0x12
	Failure Code:		0x0
	Transited Services:	-

This event is generated every time access is requested to a resource such as a computer or a Windows service.  The service name indicates the resource to which access was requested.

This event can be correlated with Windows logon events by comparing the Logon GUID fields in each event.  The logon event occurs on the machine that was accessed, which is often a different machine than the domain controller which issued the service ticket.

Ticket options, encryption types, and failure codes are defined in RFC 4120.","2025-07-31T22:56:10.000+0100",,DC01,main,37,"//_::_====..=___.===_=___==_____.\r\r_:\rt_:tt$@.\rt_:","WinEventLog:Security","WinEventLog:Security",Windows10,
"LAB.LOCAL","DC01$@LAB.LOCAL",,"::1",0,"DC01.lab.local",,4769,0,0x0,,,"Audit Success",,Security,"{c7bd1343-3420-fcff-8082-dadcc4b7f762}",,,,"A Kerberos service ticket was requested.

Account Information:
	Account Name:		DC01$@LAB.LOCAL
	Account Domain:		LAB.LOCAL
	Logon GUID:		{c7bd1343-3420-fcff-8082-dadcc4b7f762}

Service Information:
	Service Name:		krbtgt
	Service ID:		S-1-5-21-3968859575-1936118435-1223628149-502

Network Information:
	Client Address:		::1
	Client Port:		0

Additional Information:
	Ticket Options:		0x60810010
	Ticket Encryption Type:	0x12
	Failure Code:		0x0
	Transited Services:	-

This event is generated every time access is requested to a resource such as a computer or a Windows service.  The service name indicates the resource to which access was requested.

This event can be correlated with Windows logon events by comparing the Logon GUID fields in each event.  The logon event occurs on the machine that was accessed, which is often a different machine than the domain controller which issued the service ticket.

Ticket options, encryption types, and failure codes are defined in RFC 4120.",,,Info,,,,4803,,,"S-1-5-21-3968859575-1936118435-1223628149-502",krbtgt,"Microsoft Windows security auditing.",,,"Kerberos Service Ticket Operations",0x12,0x60810010,"-",Information,,,"07/31/2025 02:55:57 PM
LogName=Security
EventCode=4769
EventType=0
ComputerName=DC01.lab.local
SourceName=Microsoft Windows security auditing.
Type=Information
RecordNumber=4803
Keywords=Audit Success
TaskCategory=Kerberos Service Ticket Operations
OpCode=Info
Message=A Kerberos service ticket was requested.

Account Information:
	Account Name:		DC01$@LAB.LOCAL
	Account Domain:		LAB.LOCAL
	Logon GUID:		{c7bd1343-3420-fcff-8082-dadcc4b7f762}

Service Information:
	Service Name:		krbtgt
	Service ID:		S-1-5-21-3968859575-1936118435-1223628149-502

Network Information:
	Client Address:		::1
	Client Port:		0

Additional Information:
	Ticket Options:		0x60810010
	Ticket Encryption Type:	0x12
	Failure Code:		0x0
	Transited Services:	-

This event is generated every time access is requested to a resource such as a computer or a Windows service.  The service name indicates the resource to which access was requested.

This event can be correlated with Windows logon events by comparing the Logon GUID fields in each event.  The logon event occurs on the machine that was accessed, which is often a different machine than the domain controller which issued the service ticket.

Ticket options, encryption types, and failure codes are defined in RFC 4120.","2025-07-31T22:55:57.000+0100",,DC01,main,37,"//_::_====..=___.===_=___==_____.\r\r_:\rt_:tt$@.\rt_:","WinEventLog:Security","WinEventLog:Security",Windows10,
"LAB.LOCAL","DC01$@LAB.LOCAL",,"::1",0,"DC01.lab.local",,4769,0,0x0,,,"Audit Success",,Security,"{49c2c076-0020-5c90-0203-0a3f1f33a8df}",,,,"A Kerberos service ticket was requested.

Account Information:
	Account Name:		DC01$@LAB.LOCAL
	Account Domain:		LAB.LOCAL
	Logon GUID:		{49c2c076-0020-5c90-0203-0a3f1f33a8df}

Service Information:
	Service Name:		DC01$
	Service ID:		S-1-5-21-3968859575-1936118435-1223628149-1000

Network Information:
	Client Address:		::1
	Client Port:		0

Additional Information:
	Ticket Options:		0x40810000
	Ticket Encryption Type:	0x12
	Failure Code:		0x0
	Transited Services:	-

This event is generated every time access is requested to a resource such as a computer or a Windows service.  The service name indicates the resource to which access was requested.

This event can be correlated with Windows logon events by comparing the Logon GUID fields in each event.  The logon event occurs on the machine that was accessed, which is often a different machine than the domain controller which issued the service ticket.

Ticket options, encryption types, and failure codes are defined in RFC 4120.",,,Info,,,,4796,,,"S-1-5-21-3968859575-1936118435-1223628149-1000","DC01$","Microsoft Windows security auditing.",,,"Kerberos Service Ticket Operations",0x12,0x40810000,"-",Information,,,"07/31/2025 02:55:54 PM
LogName=Security
EventCode=4769
EventType=0
ComputerName=DC01.lab.local
SourceName=Microsoft Windows security auditing.
Type=Information
RecordNumber=4796
Keywords=Audit Success
TaskCategory=Kerberos Service Ticket Operations
OpCode=Info
Message=A Kerberos service ticket was requested.

Account Information:
	Account Name:		DC01$@LAB.LOCAL
	Account Domain:		LAB.LOCAL
	Logon GUID:		{49c2c076-0020-5c90-0203-0a3f1f33a8df}

Service Information:
	Service Name:		DC01$
	Service ID:		S-1-5-21-3968859575-1936118435-1223628149-1000

Network Information:
	Client Address:		::1
	Client Port:		0

Additional Information:
	Ticket Options:		0x40810000
	Ticket Encryption Type:	0x12
	Failure Code:		0x0
	Transited Services:	-

This event is generated every time access is requested to a resource such as a computer or a Windows service.  The service name indicates the resource to which access was requested.

This event can be correlated with Windows logon events by comparing the Logon GUID fields in each event.  The logon event occurs on the machine that was accessed, which is often a different machine than the domain controller which issued the service ticket.

Ticket options, encryption types, and failure codes are defined in RFC 4120.","2025-07-31T22:55:54.000+0100",,DC01,main,37,"//_::_====..=___.===_=___==_____.\r\r_:\rt_:tt$@.\rt_:","WinEventLog:Security","WinEventLog:Security",Windows10,
"LAB.LOCAL","DC01$@LAB.LOCAL",,"::1",0,"DC01.lab.local",,4769,0,0x0,,,"Audit Success",,Security,"{49c2c076-0020-5c90-0203-0a3f1f33a8df}",,,,"A Kerberos service ticket was requested.

Account Information:
	Account Name:		DC01$@LAB.LOCAL
	Account Domain:		LAB.LOCAL
	Logon GUID:		{49c2c076-0020-5c90-0203-0a3f1f33a8df}

Service Information:
	Service Name:		DC01$
	Service ID:		S-1-5-21-3968859575-1936118435-1223628149-1000

Network Information:
	Client Address:		::1
	Client Port:		0

Additional Information:
	Ticket Options:		0x40810000
	Ticket Encryption Type:	0x12
	Failure Code:		0x0
	Transited Services:	-

This event is generated every time access is requested to a resource such as a computer or a Windows service.  The service name indicates the resource to which access was requested.

This event can be correlated with Windows logon events by comparing the Logon GUID fields in each event.  The logon event occurs on the machine that was accessed, which is often a different machine than the domain controller which issued the service ticket.

Ticket options, encryption types, and failure codes are defined in RFC 4120.",,,Info,,,,4795,,,"S-1-5-21-3968859575-1936118435-1223628149-1000","DC01$","Microsoft Windows security auditing.",,,"Kerberos Service Ticket Operations",0x12,0x40810000,"-",Information,,,"07/31/2025 02:55:54 PM
LogName=Security
EventCode=4769
EventType=0
ComputerName=DC01.lab.local
SourceName=Microsoft Windows security auditing.
Type=Information
RecordNumber=4795
Keywords=Audit Success
TaskCategory=Kerberos Service Ticket Operations
OpCode=Info
Message=A Kerberos service ticket was requested.

Account Information:
	Account Name:		DC01$@LAB.LOCAL
	Account Domain:		LAB.LOCAL
	Logon GUID:		{49c2c076-0020-5c90-0203-0a3f1f33a8df}

Service Information:
	Service Name:		DC01$
	Service ID:		S-1-5-21-3968859575-1936118435-1223628149-1000

Network Information:
	Client Address:		::1
	Client Port:		0

Additional Information:
	Ticket Options:		0x40810000
	Ticket Encryption Type:	0x12
	Failure Code:		0x0
	Transited Services:	-

This event is generated every time access is requested to a resource such as a computer or a Windows service.  The service name indicates the resource to which access was requested.

This event can be correlated with Windows logon events by comparing the Logon GUID fields in each event.  The logon event occurs on the machine that was accessed, which is often a different machine than the domain controller which issued the service ticket.

Ticket options, encryption types, and failure codes are defined in RFC 4120.","2025-07-31T22:55:54.000+0100",,DC01,main,37,"//_::_====..=___.===_=___==_____.\r\r_:\rt_:tt$@.\rt_:","WinEventLog:Security","WinEventLog:Security",Windows10,
"LAB.LOCAL","Administrator@LAB.LOCAL",,"::1",0,"DC01.lab.local",,4769,0,0x0,,,"Audit Success",,Security,"{91937cbb-4a3d-12be-462c-2255737ec963}",,,,"A Kerberos service ticket was requested.

Account Information:
	Account Name:		Administrator@LAB.LOCAL
	Account Domain:		LAB.LOCAL
	Logon GUID:		{91937cbb-4a3d-12be-462c-2255737ec963}

Service Information:
	Service Name:		DC01$
	Service ID:		S-1-5-21-3968859575-1936118435-1223628149-1000

Network Information:
	Client Address:		::1
	Client Port:		0

Additional Information:
	Ticket Options:		0x40810000
	Ticket Encryption Type:	0x12
	Failure Code:		0x0
	Transited Services:	-

This event is generated every time access is requested to a resource such as a computer or a Windows service.  The service name indicates the resource to which access was requested.

This event can be correlated with Windows logon events by comparing the Logon GUID fields in each event.  The logon event occurs on the machine that was accessed, which is often a different machine than the domain controller which issued the service ticket.

Ticket options, encryption types, and failure codes are defined in RFC 4120.",,,Info,,,,4660,,,"S-1-5-21-3968859575-1936118435-1223628149-1000","DC01$","Microsoft Windows security auditing.",,,"Kerberos Service Ticket Operations",0x12,0x40810000,"-",Information,,,"07/31/2025 02:41:08 PM
LogName=Security
EventCode=4769
EventType=0
ComputerName=DC01.lab.local
SourceName=Microsoft Windows security auditing.
Type=Information
RecordNumber=4660
Keywords=Audit Success
TaskCategory=Kerberos Service Ticket Operations
OpCode=Info
Message=A Kerberos service ticket was requested.

Account Information:
	Account Name:		Administrator@LAB.LOCAL
	Account Domain:		LAB.LOCAL
	Logon GUID:		{91937cbb-4a3d-12be-462c-2255737ec963}

Service Information:
	Service Name:		DC01$
	Service ID:		S-1-5-21-3968859575-1936118435-1223628149-1000

Network Information:
	Client Address:		::1
	Client Port:		0

Additional Information:
	Ticket Options:		0x40810000
	Ticket Encryption Type:	0x12
	Failure Code:		0x0
	Transited Services:	-

This event is generated every time access is requested to a resource such as a computer or a Windows service.  The service name indicates the resource to which access was requested.

This event can be correlated with Windows logon events by comparing the Logon GUID fields in each event.  The logon event occurs on the machine that was accessed, which is often a different machine than the domain controller which issued the service ticket.

Ticket options, encryption types, and failure codes are defined in RFC 4120.","2025-07-31T22:41:08.000+0100",,DC01,main,37,"//_::_====..=___.===_=___==_____.\r\r_:\rt_:tt@.\rt_:t","WinEventLog:Security","WinEventLog:Security",Windows10,
"LAB.LOCAL","DC01$@LAB.LOCAL",,"::1",0,"DC01.lab.local",,4769,0,0x0,,,"Audit Success",,Security,"{e4785378-9647-ef77-472b-f473e4fc6615}",,,,"A Kerberos service ticket was requested.

Account Information:
	Account Name:		DC01$@LAB.LOCAL
	Account Domain:		LAB.LOCAL
	Logon GUID:		{e4785378-9647-ef77-472b-f473e4fc6615}

Service Information:
	Service Name:		DC01$
	Service ID:		S-1-5-21-3968859575-1936118435-1223628149-1000

Network Information:
	Client Address:		::1
	Client Port:		0

Additional Information:
	Ticket Options:		0x40800000
	Ticket Encryption Type:	0x12
	Failure Code:		0x0
	Transited Services:	-

This event is generated every time access is requested to a resource such as a computer or a Windows service.  The service name indicates the resource to which access was requested.

This event can be correlated with Windows logon events by comparing the Logon GUID fields in each event.  The logon event occurs on the machine that was accessed, which is often a different machine than the domain controller which issued the service ticket.

Ticket options, encryption types, and failure codes are defined in RFC 4120.",,,Info,,,,4647,,,"S-1-5-21-3968859575-1936118435-1223628149-1000","DC01$","Microsoft Windows security auditing.",,,"Kerberos Service Ticket Operations",0x12,0x40800000,"-",Information,,,"07/31/2025 02:40:33 PM
LogName=Security
EventCode=4769
EventType=0
ComputerName=DC01.lab.local
SourceName=Microsoft Windows security auditing.
Type=Information
RecordNumber=4647
Keywords=Audit Success
TaskCategory=Kerberos Service Ticket Operations
OpCode=Info
Message=A Kerberos service ticket was requested.

Account Information:
	Account Name:		DC01$@LAB.LOCAL
	Account Domain:		LAB.LOCAL
	Logon GUID:		{e4785378-9647-ef77-472b-f473e4fc6615}

Service Information:
	Service Name:		DC01$
	Service ID:		S-1-5-21-3968859575-1936118435-1223628149-1000

Network Information:
	Client Address:		::1
	Client Port:		0

Additional Information:
	Ticket Options:		0x40800000
	Ticket Encryption Type:	0x12
	Failure Code:		0x0
	Transited Services:	-

This event is generated every time access is requested to a resource such as a computer or a Windows service.  The service name indicates the resource to which access was requested.

This event can be correlated with Windows logon events by comparing the Logon GUID fields in each event.  The logon event occurs on the machine that was accessed, which is often a different machine than the domain controller which issued the service ticket.

Ticket options, encryption types, and failure codes are defined in RFC 4120.","2025-07-31T22:40:33.000+0100",,DC01,main,37,"//_::_====..=___.===_=___==_____.\r\r_:\rt_:tt$@.\rt_:","WinEventLog:Security","WinEventLog:Security",Windows10,
"LAB.LOCAL","DC01$@LAB.LOCAL",,"::1",0,"DC01.lab.local",,4769,0,0x0,,,"Audit Success",,Security,"{e4785378-9647-ef77-472b-f473e4fc6615}",,,,"A Kerberos service ticket was requested.

Account Information:
	Account Name:		DC01$@LAB.LOCAL
	Account Domain:		LAB.LOCAL
	Logon GUID:		{e4785378-9647-ef77-472b-f473e4fc6615}

Service Information:
	Service Name:		krbtgt
	Service ID:		S-1-5-21-3968859575-1936118435-1223628149-502

Network Information:
	Client Address:		::1
	Client Port:		0

Additional Information:
	Ticket Options:		0x60810010
	Ticket Encryption Type:	0x12
	Failure Code:		0x0
	Transited Services:	-

This event is generated every time access is requested to a resource such as a computer or a Windows service.  The service name indicates the resource to which access was requested.

This event can be correlated with Windows logon events by comparing the Logon GUID fields in each event.  The logon event occurs on the machine that was accessed, which is often a different machine than the domain controller which issued the service ticket.

Ticket options, encryption types, and failure codes are defined in RFC 4120.",,,Info,,,,4644,,,"S-1-5-21-3968859575-1936118435-1223628149-502",krbtgt,"Microsoft Windows security auditing.",,,"Kerberos Service Ticket Operations",0x12,0x60810010,"-",Information,,,"07/31/2025 02:40:33 PM
LogName=Security
EventCode=4769
EventType=0
ComputerName=DC01.lab.local
SourceName=Microsoft Windows security auditing.
Type=Information
RecordNumber=4644
Keywords=Audit Success
TaskCategory=Kerberos Service Ticket Operations
OpCode=Info
Message=A Kerberos service ticket was requested.

Account Information:
	Account Name:		DC01$@LAB.LOCAL
	Account Domain:		LAB.LOCAL
	Logon GUID:		{e4785378-9647-ef77-472b-f473e4fc6615}

Service Information:
	Service Name:		krbtgt
	Service ID:		S-1-5-21-3968859575-1936118435-1223628149-502

Network Information:
	Client Address:		::1
	Client Port:		0

Additional Information:
	Ticket Options:		0x60810010
	Ticket Encryption Type:	0x12
	Failure Code:		0x0
	Transited Services:	-

This event is generated every time access is requested to a resource such as a computer or a Windows service.  The service name indicates the resource to which access was requested.

This event can be correlated with Windows logon events by comparing the Logon GUID fields in each event.  The logon event occurs on the machine that was accessed, which is often a different machine than the domain controller which issued the service ticket.

Ticket options, encryption types, and failure codes are defined in RFC 4120.","2025-07-31T22:40:33.000+0100",,DC01,main,37,"//_::_====..=___.===_=___==_____.\r\r_:\rt_:tt$@.\rt_:","WinEventLog:Security","WinEventLog:Security",Windows10,
"LAB.LOCAL","DC01$@LAB.LOCAL",,"::1",0,"DC01.lab.local",,4769,0,0x0,,,"Audit Success",,Security,"{e4785378-9647-ef77-472b-f473e4fc6615}",,,,"A Kerberos service ticket was requested.

Account Information:
	Account Name:		DC01$@LAB.LOCAL
	Account Domain:		LAB.LOCAL
	Logon GUID:		{e4785378-9647-ef77-472b-f473e4fc6615}

Service Information:
	Service Name:		DC01$
	Service ID:		S-1-5-21-3968859575-1936118435-1223628149-1000

Network Information:
	Client Address:		::1
	Client Port:		0

Additional Information:
	Ticket Options:		0x40800000
	Ticket Encryption Type:	0x12
	Failure Code:		0x0
	Transited Services:	-

This event is generated every time access is requested to a resource such as a computer or a Windows service.  The service name indicates the resource to which access was requested.

This event can be correlated with Windows logon events by comparing the Logon GUID fields in each event.  The logon event occurs on the machine that was accessed, which is often a different machine than the domain controller which issued the service ticket.

Ticket options, encryption types, and failure codes are defined in RFC 4120.",,,Info,,,,4643,,,"S-1-5-21-3968859575-1936118435-1223628149-1000","DC01$","Microsoft Windows security auditing.",,,"Kerberos Service Ticket Operations",0x12,0x40800000,"-",Information,,,"07/31/2025 02:40:33 PM
LogName=Security
EventCode=4769
EventType=0
ComputerName=DC01.lab.local
SourceName=Microsoft Windows security auditing.
Type=Information
RecordNumber=4643
Keywords=Audit Success
TaskCategory=Kerberos Service Ticket Operations
OpCode=Info
Message=A Kerberos service ticket was requested.

Account Information:
	Account Name:		DC01$@LAB.LOCAL
	Account Domain:		LAB.LOCAL
	Logon GUID:		{e4785378-9647-ef77-472b-f473e4fc6615}

Service Information:
	Service Name:		DC01$
	Service ID:		S-1-5-21-3968859575-1936118435-1223628149-1000

Network Information:
	Client Address:		::1
	Client Port:		0

Additional Information:
	Ticket Options:		0x40800000
	Ticket Encryption Type:	0x12
	Failure Code:		0x0
	Transited Services:	-

This event is generated every time access is requested to a resource such as a computer or a Windows service.  The service name indicates the resource to which access was requested.

This event can be correlated with Windows logon events by comparing the Logon GUID fields in each event.  The logon event occurs on the machine that was accessed, which is often a different machine than the domain controller which issued the service ticket.

Ticket options, encryption types, and failure codes are defined in RFC 4120.","2025-07-31T22:40:33.000+0100",,DC01,main,37,"//_::_====..=___.===_=___==_____.\r\r_:\rt_:tt$@.\rt_:","WinEventLog:Security","WinEventLog:Security",Windows10,
"LAB.LOCAL","DC01$@LAB.LOCAL",,"::1",0,"DC01.lab.local",,4769,0,0x0,,,"Audit Success",,Security,"{7047d490-9407-cea7-2ec9-1d2cadf3aec4}",,,,"A Kerberos service ticket was requested.

Account Information:
	Account Name:		DC01$@LAB.LOCAL
	Account Domain:		LAB.LOCAL
	Logon GUID:		{7047d490-9407-cea7-2ec9-1d2cadf3aec4}

Service Information:
	Service Name:		DC01$
	Service ID:		S-1-5-21-3968859575-1936118435-1223628149-1000

Network Information:
	Client Address:		::1
	Client Port:		0

Additional Information:
	Ticket Options:		0x40810000
	Ticket Encryption Type:	0x12
	Failure Code:		0x0
	Transited Services:	-

This event is generated every time access is requested to a resource such as a computer or a Windows service.  The service name indicates the resource to which access was requested.

This event can be correlated with Windows logon events by comparing the Logon GUID fields in each event.  The logon event occurs on the machine that was accessed, which is often a different machine than the domain controller which issued the service ticket.

Ticket options, encryption types, and failure codes are defined in RFC 4120.",,,Info,,,,4621,,,"S-1-5-21-3968859575-1936118435-1223628149-1000","DC01$","Microsoft Windows security auditing.",,,"Kerberos Service Ticket Operations",0x12,0x40810000,"-",Information,,,"07/31/2025 02:40:03 PM
LogName=Security
EventCode=4769
EventType=0
ComputerName=DC01.lab.local
SourceName=Microsoft Windows security auditing.
Type=Information
RecordNumber=4621
Keywords=Audit Success
TaskCategory=Kerberos Service Ticket Operations
OpCode=Info
Message=A Kerberos service ticket was requested.

Account Information:
	Account Name:		DC01$@LAB.LOCAL
	Account Domain:		LAB.LOCAL
	Logon GUID:		{7047d490-9407-cea7-2ec9-1d2cadf3aec4}

Service Information:
	Service Name:		DC01$
	Service ID:		S-1-5-21-3968859575-1936118435-1223628149-1000

Network Information:
	Client Address:		::1
	Client Port:		0

Additional Information:
	Ticket Options:		0x40810000
	Ticket Encryption Type:	0x12
	Failure Code:		0x0
	Transited Services:	-

This event is generated every time access is requested to a resource such as a computer or a Windows service.  The service name indicates the resource to which access was requested.

This event can be correlated with Windows logon events by comparing the Logon GUID fields in each event.  The logon event occurs on the machine that was accessed, which is often a different machine than the domain controller which issued the service ticket.

Ticket options, encryption types, and failure codes are defined in RFC 4120.","2025-07-31T22:40:03.000+0100",,DC01,main,37,"//_::_====..=___.===_=___==_____.\r\r_:\rt_:tt$@.\rt_:","WinEventLog:Security","WinEventLog:Security",Windows10,
"LAB.LOCAL","Administrator@LAB.LOCAL",,"::1",0,"DC01.lab.local",,4769,0,0x0,,,"Audit Success",,Security,"{4ed6cfe9-0132-1c90-2629-22620f8e6e62}",,,,"A Kerberos service ticket was requested.

Account Information:
	Account Name:		Administrator@LAB.LOCAL
	Account Domain:		LAB.LOCAL
	Logon GUID:		{4ed6cfe9-0132-1c90-2629-22620f8e6e62}

Service Information:
	Service Name:		DC01$
	Service ID:		S-1-5-21-3968859575-1936118435-1223628149-1000

Network Information:
	Client Address:		::1
	Client Port:		0

Additional Information:
	Ticket Options:		0x40810000
	Ticket Encryption Type:	0x12
	Failure Code:		0x0
	Transited Services:	-

This event is generated every time access is requested to a resource such as a computer or a Windows service.  The service name indicates the resource to which access was requested.

This event can be correlated with Windows logon events by comparing the Logon GUID fields in each event.  The logon event occurs on the machine that was accessed, which is often a different machine than the domain controller which issued the service ticket.

Ticket options, encryption types, and failure codes are defined in RFC 4120.",,,Info,,,,4490,,,"S-1-5-21-3968859575-1936118435-1223628149-1000","DC01$","Microsoft Windows security auditing.",,,"Kerberos Service Ticket Operations",0x12,0x40810000,"-",Information,,,"07/31/2025 02:32:59 PM
LogName=Security
EventCode=4769
EventType=0
ComputerName=DC01.lab.local
SourceName=Microsoft Windows security auditing.
Type=Information
RecordNumber=4490
Keywords=Audit Success
TaskCategory=Kerberos Service Ticket Operations
OpCode=Info
Message=A Kerberos service ticket was requested.

Account Information:
	Account Name:		Administrator@LAB.LOCAL
	Account Domain:		LAB.LOCAL
	Logon GUID:		{4ed6cfe9-0132-1c90-2629-22620f8e6e62}

Service Information:
	Service Name:		DC01$
	Service ID:		S-1-5-21-3968859575-1936118435-1223628149-1000

Network Information:
	Client Address:		::1
	Client Port:		0

Additional Information:
	Ticket Options:		0x40810000
	Ticket Encryption Type:	0x12
	Failure Code:		0x0
	Transited Services:	-

This event is generated every time access is requested to a resource such as a computer or a Windows service.  The service name indicates the resource to which access was requested.

This event can be correlated with Windows logon events by comparing the Logon GUID fields in each event.  The logon event occurs on the machine that was accessed, which is often a different machine than the domain controller which issued the service ticket.

Ticket options, encryption types, and failure codes are defined in RFC 4120.","2025-07-31T22:32:59.000+0100",,DC01,main,37,"//_::_====..=___.===_=___==_____.\r\r_:\rt_:tt@.\rt_:t","WinEventLog:Security","WinEventLog:Security",Windows10,
"LAB.LOCAL","DC01$@LAB.LOCAL",,"::1",0,"DC01.lab.local",,4769,0,0x0,,,"Audit Success",,Security,"{1c69aabb-f397-506f-0f8b-b453992e9dae}",,,,"A Kerberos service ticket was requested.

Account Information:
	Account Name:		DC01$@LAB.LOCAL
	Account Domain:		LAB.LOCAL
	Logon GUID:		{1c69aabb-f397-506f-0f8b-b453992e9dae}

Service Information:
	Service Name:		DC01$
	Service ID:		S-1-5-21-3968859575-1936118435-1223628149-1000

Network Information:
	Client Address:		::1
	Client Port:		0

Additional Information:
	Ticket Options:		0x40800000
	Ticket Encryption Type:	0x12
	Failure Code:		0x0
	Transited Services:	-

This event is generated every time access is requested to a resource such as a computer or a Windows service.  The service name indicates the resource to which access was requested.

This event can be correlated with Windows logon events by comparing the Logon GUID fields in each event.  The logon event occurs on the machine that was accessed, which is often a different machine than the domain controller which issued the service ticket.

Ticket options, encryption types, and failure codes are defined in RFC 4120.",,,Info,,,,4481,,,"S-1-5-21-3968859575-1936118435-1223628149-1000","DC01$","Microsoft Windows security auditing.",,,"Kerberos Service Ticket Operations",0x12,0x40800000,"-",Information,,,"07/31/2025 02:31:43 PM
LogName=Security
EventCode=4769
EventType=0
ComputerName=DC01.lab.local
SourceName=Microsoft Windows security auditing.
Type=Information
RecordNumber=4481
Keywords=Audit Success
TaskCategory=Kerberos Service Ticket Operations
OpCode=Info
Message=A Kerberos service ticket was requested.

Account Information:
	Account Name:		DC01$@LAB.LOCAL
	Account Domain:		LAB.LOCAL
	Logon GUID:		{1c69aabb-f397-506f-0f8b-b453992e9dae}

Service Information:
	Service Name:		DC01$
	Service ID:		S-1-5-21-3968859575-1936118435-1223628149-1000

Network Information:
	Client Address:		::1
	Client Port:		0

Additional Information:
	Ticket Options:		0x40800000
	Ticket Encryption Type:	0x12
	Failure Code:		0x0
	Transited Services:	-

This event is generated every time access is requested to a resource such as a computer or a Windows service.  The service name indicates the resource to which access was requested.

This event can be correlated with Windows logon events by comparing the Logon GUID fields in each event.  The logon event occurs on the machine that was accessed, which is often a different machine than the domain controller which issued the service ticket.

Ticket options, encryption types, and failure codes are defined in RFC 4120.","2025-07-31T22:31:43.000+0100",,DC01,main,37,"//_::_====..=___.===_=___==_____.\r\r_:\rt_:tt$@.\rt_:","WinEventLog:Security","WinEventLog:Security",Windows10,
"LAB.LOCAL","DC01$@LAB.LOCAL",,"::1",0,"DC01.lab.local",,4769,0,0x0,,,"Audit Success",,Security,"{1c69aabb-f397-506f-0f8b-b453992e9dae}",,,,"A Kerberos service ticket was requested.

Account Information:
	Account Name:		DC01$@LAB.LOCAL
	Account Domain:		LAB.LOCAL
	Logon GUID:		{1c69aabb-f397-506f-0f8b-b453992e9dae}

Service Information:
	Service Name:		krbtgt
	Service ID:		S-1-5-21-3968859575-1936118435-1223628149-502

Network Information:
	Client Address:		::1
	Client Port:		0

Additional Information:
	Ticket Options:		0x60810010
	Ticket Encryption Type:	0x12
	Failure Code:		0x0
	Transited Services:	-

This event is generated every time access is requested to a resource such as a computer or a Windows service.  The service name indicates the resource to which access was requested.

This event can be correlated with Windows logon events by comparing the Logon GUID fields in each event.  The logon event occurs on the machine that was accessed, which is often a different machine than the domain controller which issued the service ticket.

Ticket options, encryption types, and failure codes are defined in RFC 4120.",,,Info,,,,4478,,,"S-1-5-21-3968859575-1936118435-1223628149-502",krbtgt,"Microsoft Windows security auditing.",,,"Kerberos Service Ticket Operations",0x12,0x60810010,"-",Information,,,"07/31/2025 02:31:43 PM
LogName=Security
EventCode=4769
EventType=0
ComputerName=DC01.lab.local
SourceName=Microsoft Windows security auditing.
Type=Information
RecordNumber=4478
Keywords=Audit Success
TaskCategory=Kerberos Service Ticket Operations
OpCode=Info
Message=A Kerberos service ticket was requested.

Account Information:
	Account Name:		DC01$@LAB.LOCAL
	Account Domain:		LAB.LOCAL
	Logon GUID:		{1c69aabb-f397-506f-0f8b-b453992e9dae}

Service Information:
	Service Name:		krbtgt
	Service ID:		S-1-5-21-3968859575-1936118435-1223628149-502

Network Information:
	Client Address:		::1
	Client Port:		0

Additional Information:
	Ticket Options:		0x60810010
	Ticket Encryption Type:	0x12
	Failure Code:		0x0
	Transited Services:	-

This event is generated every time access is requested to a resource such as a computer or a Windows service.  The service name indicates the resource to which access was requested.

This event can be correlated with Windows logon events by comparing the Logon GUID fields in each event.  The logon event occurs on the machine that was accessed, which is often a different machine than the domain controller which issued the service ticket.

Ticket options, encryption types, and failure codes are defined in RFC 4120.","2025-07-31T22:31:43.000+0100",,DC01,main,37,"//_::_====..=___.===_=___==_____.\r\r_:\rt_:tt$@.\rt_:","WinEventLog:Security","WinEventLog:Security",Windows10,
