"LAB.LOCAL","User1@LAB.LOCAL",,"::ffff:10.0.3.15",61536,"DC01.lab.local",,4769,0,0x0,,,"Audit Success",,Security,"{942941e5-c4b0-e1c7-d8ed-6695dc6b08a7}",,,,"A Kerberos service ticket was requested.

Account Information:
	Account Name:		User1@LAB.LOCAL
	Account Domain:		LAB.LOCAL
	Logon GUID:		{942941e5-c4b0-e1c7-d8ed-6695dc6b08a7}

Service Information:
	Service Name:		krbtgt
	Service ID:		S-1-5-21-3968859575-1936118435-1223628149-502

Network Information:
	Client Address:		::ffff:10.0.3.15
	Client Port:		61536

Additional Information:
	Ticket Options:		0x60810010
	Ticket Encryption Type:	0x12
	Failure Code:		0x0
	Transited Services:	-

This event is generated every time access is requested to a resource such as a computer or a Windows service.  The service name indicates the resource to which access was requested.

This event can be correlated with Windows logon events by comparing the Logon GUID fields in each event.  The logon event occurs on the machine that was accessed, which is often a different machine than the domain controller which issued the service ticket.

Ticket options, encryption types, and failure codes are defined in RFC 4120.",,,Info,,,,18753,,,"S-1-5-21-3968859575-1936118435-1223628149-502",krbtgt,"Microsoft Windows security auditing.",,,"Kerberos Service Ticket Operations",0x12,0x60810010,"-",Information,,,"08/06/2025 12:29:42 PM
LogName=Security
EventCode=4769
EventType=0
ComputerName=DC01.lab.local
SourceName=Microsoft Windows security auditing.
Type=Information
RecordNumber=18753
Keywords=Audit Success
TaskCategory=Kerberos Service Ticket Operations
OpCode=Info
Message=A Kerberos service ticket was requested.

Account Information:
	Account Name:		User1@LAB.LOCAL
	Account Domain:		LAB.LOCAL
	Logon GUID:		{942941e5-c4b0-e1c7-d8ed-6695dc6b08a7}

Service Information:
	Service Name:		krbtgt
	Service ID:		S-1-5-21-3968859575-1936118435-1223628149-502

Network Information:
	Client Address:		::ffff:10.0.3.15
	Client Port:		61536

Additional Information:
	Ticket Options:		0x60810010
	Ticket Encryption Type:	0x12
	Failure Code:		0x0
	Transited Services:	-

This event is generated every time access is requested to a resource such as a computer or a Windows service.  The service name indicates the resource to which access was requested.

This event can be correlated with Windows logon events by comparing the Logon GUID fields in each event.  The logon event occurs on the machine that was accessed, which is often a different machine than the domain controller which issued the service ticket.

Ticket options, encryption types, and failure codes are defined in RFC 4120.","2025-08-06T20:29:42.000+0100",,DC01,main,37,"//_::_====..=___.===_=___==_____.\r\r_:\rt_:tt@.\rt_:t","WinEventLog:Security","WinEventLog:Security",Windows10,
"LAB.LOCAL","User1@LAB.LOCAL",,"::ffff:10.0.3.15",61535,"DC01.lab.local",,4769,0,0x0,,,"Audit Success",,Security,"{942941e5-c4b0-e1c7-d8ed-6695dc6b08a7}",,,,"A Kerberos service ticket was requested.

Account Information:
	Account Name:		User1@LAB.LOCAL
	Account Domain:		LAB.LOCAL
	Logon GUID:		{942941e5-c4b0-e1c7-d8ed-6695dc6b08a7}

Service Information:
	Service Name:		DC01$
	Service ID:		S-1-5-21-3968859575-1936118435-1223628149-1000

Network Information:
	Client Address:		::ffff:10.0.3.15
	Client Port:		61535

Additional Information:
	Ticket Options:		0x40810000
	Ticket Encryption Type:	0x12
	Failure Code:		0x0
	Transited Services:	-

This event is generated every time access is requested to a resource such as a computer or a Windows service.  The service name indicates the resource to which access was requested.

This event can be correlated with Windows logon events by comparing the Logon GUID fields in each event.  The logon event occurs on the machine that was accessed, which is often a different machine than the domain controller which issued the service ticket.

Ticket options, encryption types, and failure codes are defined in RFC 4120.",,,Info,,,,18752,,,"S-1-5-21-3968859575-1936118435-1223628149-1000","DC01$","Microsoft Windows security auditing.",,,"Kerberos Service Ticket Operations",0x12,0x40810000,"-",Information,,,"08/06/2025 12:29:42 PM
LogName=Security
EventCode=4769
EventType=0
ComputerName=DC01.lab.local
SourceName=Microsoft Windows security auditing.
Type=Information
RecordNumber=18752
Keywords=Audit Success
TaskCategory=Kerberos Service Ticket Operations
OpCode=Info
Message=A Kerberos service ticket was requested.

Account Information:
	Account Name:		User1@LAB.LOCAL
	Account Domain:		LAB.LOCAL
	Logon GUID:		{942941e5-c4b0-e1c7-d8ed-6695dc6b08a7}

Service Information:
	Service Name:		DC01$
	Service ID:		S-1-5-21-3968859575-1936118435-1223628149-1000

Network Information:
	Client Address:		::ffff:10.0.3.15
	Client Port:		61535

Additional Information:
	Ticket Options:		0x40810000
	Ticket Encryption Type:	0x12
	Failure Code:		0x0
	Transited Services:	-

This event is generated every time access is requested to a resource such as a computer or a Windows service.  The service name indicates the resource to which access was requested.

This event can be correlated with Windows logon events by comparing the Logon GUID fields in each event.  The logon event occurs on the machine that was accessed, which is often a different machine than the domain controller which issued the service ticket.

Ticket options, encryption types, and failure codes are defined in RFC 4120.","2025-08-06T20:29:42.000+0100",,DC01,main,37,"//_::_====..=___.===_=___==_____.\r\r_:\rt_:tt@.\rt_:t","WinEventLog:Security","WinEventLog:Security",Windows10,
"LAB.LOCAL","User1@LAB.LOCAL",,"::ffff:10.0.3.15",61530,"DC01.lab.local",,4769,0,0x0,,,"Audit Success",,Security,"{774a135b-31b0-ed87-4ea9-77b4360e2f28}",,,,"A Kerberos service ticket was requested.

Account Information:
	Account Name:		User1@LAB.LOCAL
	Account Domain:		LAB.LOCAL
	Logon GUID:		{774a135b-31b0-ed87-4ea9-77b4360e2f28}

Service Information:
	Service Name:		DC01$
	Service ID:		S-1-5-21-3968859575-1936118435-1223628149-1000

Network Information:
	Client Address:		::ffff:10.0.3.15
	Client Port:		61530

Additional Information:
	Ticket Options:		0x40800000
	Ticket Encryption Type:	0x12
	Failure Code:		0x0
	Transited Services:	-

This event is generated every time access is requested to a resource such as a computer or a Windows service.  The service name indicates the resource to which access was requested.

This event can be correlated with Windows logon events by comparing the Logon GUID fields in each event.  The logon event occurs on the machine that was accessed, which is often a different machine than the domain controller which issued the service ticket.

Ticket options, encryption types, and failure codes are defined in RFC 4120.",,,Info,,,,18746,,,"S-1-5-21-3968859575-1936118435-1223628149-1000","DC01$","Microsoft Windows security auditing.",,,"Kerberos Service Ticket Operations",0x12,0x40800000,"-",Information,,,"08/06/2025 12:29:39 PM
LogName=Security
EventCode=4769
EventType=0
ComputerName=DC01.lab.local
SourceName=Microsoft Windows security auditing.
Type=Information
RecordNumber=18746
Keywords=Audit Success
TaskCategory=Kerberos Service Ticket Operations
OpCode=Info
Message=A Kerberos service ticket was requested.

Account Information:
	Account Name:		User1@LAB.LOCAL
	Account Domain:		LAB.LOCAL
	Logon GUID:		{774a135b-31b0-ed87-4ea9-77b4360e2f28}

Service Information:
	Service Name:		DC01$
	Service ID:		S-1-5-21-3968859575-1936118435-1223628149-1000

Network Information:
	Client Address:		::ffff:10.0.3.15
	Client Port:		61530

Additional Information:
	Ticket Options:		0x40800000
	Ticket Encryption Type:	0x12
	Failure Code:		0x0
	Transited Services:	-

This event is generated every time access is requested to a resource such as a computer or a Windows service.  The service name indicates the resource to which access was requested.

This event can be correlated with Windows logon events by comparing the Logon GUID fields in each event.  The logon event occurs on the machine that was accessed, which is often a different machine than the domain controller which issued the service ticket.

Ticket options, encryption types, and failure codes are defined in RFC 4120.","2025-08-06T20:29:39.000+0100",,DC01,main,37,"//_::_====..=___.===_=___==_____.\r\r_:\rt_:tt@.\rt_:t","WinEventLog:Security","WinEventLog:Security",Windows10,
"LAB.LOCAL","User1@LAB.LOCAL",,"::ffff:10.0.3.15",61529,"DC01.lab.local",,4769,0,0x0,,,"Audit Success",,Security,"{ef48eddc-5d5f-9384-c4af-b3acc3d6aa74}",,,,"A Kerberos service ticket was requested.

Account Information:
	Account Name:		User1@LAB.LOCAL
	Account Domain:		LAB.LOCAL
	Logon GUID:		{ef48eddc-5d5f-9384-c4af-b3acc3d6aa74}

Service Information:
	Service Name:		WINDOWS10$
	Service ID:		S-1-5-21-3968859575-1936118435-1223628149-1110

Network Information:
	Client Address:		::ffff:10.0.3.15
	Client Port:		61529

Additional Information:
	Ticket Options:		0x40810000
	Ticket Encryption Type:	0x12
	Failure Code:		0x0
	Transited Services:	-

This event is generated every time access is requested to a resource such as a computer or a Windows service.  The service name indicates the resource to which access was requested.

This event can be correlated with Windows logon events by comparing the Logon GUID fields in each event.  The logon event occurs on the machine that was accessed, which is often a different machine than the domain controller which issued the service ticket.

Ticket options, encryption types, and failure codes are defined in RFC 4120.",,,Info,,,,18745,,,"S-1-5-21-3968859575-1936118435-1223628149-1110","WINDOWS10$","Microsoft Windows security auditing.",,,"Kerberos Service Ticket Operations",0x12,0x40810000,"-",Information,,,"08/06/2025 12:29:38 PM
LogName=Security
EventCode=4769
EventType=0
ComputerName=DC01.lab.local
SourceName=Microsoft Windows security auditing.
Type=Information
RecordNumber=18745
Keywords=Audit Success
TaskCategory=Kerberos Service Ticket Operations
OpCode=Info
Message=A Kerberos service ticket was requested.

Account Information:
	Account Name:		User1@LAB.LOCAL
	Account Domain:		LAB.LOCAL
	Logon GUID:		{ef48eddc-5d5f-9384-c4af-b3acc3d6aa74}

Service Information:
	Service Name:		WINDOWS10$
	Service ID:		S-1-5-21-3968859575-1936118435-1223628149-1110

Network Information:
	Client Address:		::ffff:10.0.3.15
	Client Port:		61529

Additional Information:
	Ticket Options:		0x40810000
	Ticket Encryption Type:	0x12
	Failure Code:		0x0
	Transited Services:	-

This event is generated every time access is requested to a resource such as a computer or a Windows service.  The service name indicates the resource to which access was requested.

This event can be correlated with Windows logon events by comparing the Logon GUID fields in each event.  The logon event occurs on the machine that was accessed, which is often a different machine than the domain controller which issued the service ticket.

Ticket options, encryption types, and failure codes are defined in RFC 4120.","2025-08-06T20:29:38.000+0100",,DC01,main,37,"//_::_====..=___.===_=___==_____.\r\r_:\rt_:tt@.\rt_:t","WinEventLog:Security","WinEventLog:Security",Windows10,
"LAB.LOCAL","User1@LAB.LOCAL",,"::ffff:10.0.3.15",61525,"DC01.lab.local",,4769,0,0x0,,,"Audit Success",,Security,"{f794c4e1-ef98-c152-3f54-8d643caee224}",,,,"A Kerberos service ticket was requested.

Account Information:
	Account Name:		User1@LAB.LOCAL
	Account Domain:		LAB.LOCAL
	Logon GUID:		{f794c4e1-ef98-c152-3f54-8d643caee224}

Service Information:
	Service Name:		DC01$
	Service ID:		S-1-5-21-3968859575-1936118435-1223628149-1000

Network Information:
	Client Address:		::ffff:10.0.3.15
	Client Port:		61525

Additional Information:
	Ticket Options:		0x40800000
	Ticket Encryption Type:	0x12
	Failure Code:		0x0
	Transited Services:	-

This event is generated every time access is requested to a resource such as a computer or a Windows service.  The service name indicates the resource to which access was requested.

This event can be correlated with Windows logon events by comparing the Logon GUID fields in each event.  The logon event occurs on the machine that was accessed, which is often a different machine than the domain controller which issued the service ticket.

Ticket options, encryption types, and failure codes are defined in RFC 4120.",,,Info,,,,18737,,,"S-1-5-21-3968859575-1936118435-1223628149-1000","DC01$","Microsoft Windows security auditing.",,,"Kerberos Service Ticket Operations",0x12,0x40800000,"-",Information,,,"08/06/2025 12:29:32 PM
LogName=Security
EventCode=4769
EventType=0
ComputerName=DC01.lab.local
SourceName=Microsoft Windows security auditing.
Type=Information
RecordNumber=18737
Keywords=Audit Success
TaskCategory=Kerberos Service Ticket Operations
OpCode=Info
Message=A Kerberos service ticket was requested.

Account Information:
	Account Name:		User1@LAB.LOCAL
	Account Domain:		LAB.LOCAL
	Logon GUID:		{f794c4e1-ef98-c152-3f54-8d643caee224}

Service Information:
	Service Name:		DC01$
	Service ID:		S-1-5-21-3968859575-1936118435-1223628149-1000

Network Information:
	Client Address:		::ffff:10.0.3.15
	Client Port:		61525

Additional Information:
	Ticket Options:		0x40800000
	Ticket Encryption Type:	0x12
	Failure Code:		0x0
	Transited Services:	-

This event is generated every time access is requested to a resource such as a computer or a Windows service.  The service name indicates the resource to which access was requested.

This event can be correlated with Windows logon events by comparing the Logon GUID fields in each event.  The logon event occurs on the machine that was accessed, which is often a different machine than the domain controller which issued the service ticket.

Ticket options, encryption types, and failure codes are defined in RFC 4120.","2025-08-06T20:29:32.000+0100",,DC01,main,37,"//_::_====..=___.===_=___==_____.\r\r_:\rt_:tt@.\rt_:t","WinEventLog:Security","WinEventLog:Security",Windows10,
"LAB.LOCAL","User1@LAB.LOCAL",,"::ffff:10.0.3.15",61524,"DC01.lab.local",,4769,0,0x0,,,"Audit Success",,Security,"{6747a439-14b8-a1fc-3ad0-1105860ebd26}",,,,"A Kerberos service ticket was requested.

Account Information:
	Account Name:		User1@LAB.LOCAL
	Account Domain:		LAB.LOCAL
	Logon GUID:		{6747a439-14b8-a1fc-3ad0-1105860ebd26}

Service Information:
	Service Name:		WINDOWS10$
	Service ID:		S-1-5-21-3968859575-1936118435-1223628149-1110

Network Information:
	Client Address:		::ffff:10.0.3.15
	Client Port:		61524

Additional Information:
	Ticket Options:		0x40810000
	Ticket Encryption Type:	0x12
	Failure Code:		0x0
	Transited Services:	-

This event is generated every time access is requested to a resource such as a computer or a Windows service.  The service name indicates the resource to which access was requested.

This event can be correlated with Windows logon events by comparing the Logon GUID fields in each event.  The logon event occurs on the machine that was accessed, which is often a different machine than the domain controller which issued the service ticket.

Ticket options, encryption types, and failure codes are defined in RFC 4120.",,,Info,,,,18736,,,"S-1-5-21-3968859575-1936118435-1223628149-1110","WINDOWS10$","Microsoft Windows security auditing.",,,"Kerberos Service Ticket Operations",0x12,0x40810000,"-",Information,,,"08/06/2025 12:29:31 PM
LogName=Security
EventCode=4769
EventType=0
ComputerName=DC01.lab.local
SourceName=Microsoft Windows security auditing.
Type=Information
RecordNumber=18736
Keywords=Audit Success
TaskCategory=Kerberos Service Ticket Operations
OpCode=Info
Message=A Kerberos service ticket was requested.

Account Information:
	Account Name:		User1@LAB.LOCAL
	Account Domain:		LAB.LOCAL
	Logon GUID:		{6747a439-14b8-a1fc-3ad0-1105860ebd26}

Service Information:
	Service Name:		WINDOWS10$
	Service ID:		S-1-5-21-3968859575-1936118435-1223628149-1110

Network Information:
	Client Address:		::ffff:10.0.3.15
	Client Port:		61524

Additional Information:
	Ticket Options:		0x40810000
	Ticket Encryption Type:	0x12
	Failure Code:		0x0
	Transited Services:	-

This event is generated every time access is requested to a resource such as a computer or a Windows service.  The service name indicates the resource to which access was requested.

This event can be correlated with Windows logon events by comparing the Logon GUID fields in each event.  The logon event occurs on the machine that was accessed, which is often a different machine than the domain controller which issued the service ticket.

Ticket options, encryption types, and failure codes are defined in RFC 4120.","2025-08-06T20:29:31.000+0100",,DC01,main,37,"//_::_====..=___.===_=___==_____.\r\r_:\rt_:tt@.\rt_:t","WinEventLog:Security","WinEventLog:Security",Windows10,
"LAB.LOCAL","User1@LAB.LOCAL",,"::ffff:10.0.3.15",61519,"DC01.lab.local",,4769,0,0x0,,,"Audit Success",,Security,"{6747a439-14b8-a1fc-3ad0-1105860ebd26}",,,,"A Kerberos service ticket was requested.

Account Information:
	Account Name:		User1@LAB.LOCAL
	Account Domain:		LAB.LOCAL
	Logon GUID:		{6747a439-14b8-a1fc-3ad0-1105860ebd26}

Service Information:
	Service Name:		User1
	Service ID:		S-1-5-21-3968859575-1936118435-1223628149-1103

Network Information:
	Client Address:		::ffff:10.0.3.15
	Client Port:		61519

Additional Information:
	Ticket Options:		0x40810008
	Ticket Encryption Type:	0x12
	Failure Code:		0x0
	Transited Services:	-

This event is generated every time access is requested to a resource such as a computer or a Windows service.  The service name indicates the resource to which access was requested.

This event can be correlated with Windows logon events by comparing the Logon GUID fields in each event.  The logon event occurs on the machine that was accessed, which is often a different machine than the domain controller which issued the service ticket.

Ticket options, encryption types, and failure codes are defined in RFC 4120.",,,Info,,,,18734,,,"S-1-5-21-3968859575-1936118435-1223628149-1103",User1,"Microsoft Windows security auditing.",,,"Kerberos Service Ticket Operations",0x12,0x40810008,"-",Information,,,"08/06/2025 12:29:31 PM
LogName=Security
EventCode=4769
EventType=0
ComputerName=DC01.lab.local
SourceName=Microsoft Windows security auditing.
Type=Information
RecordNumber=18734
Keywords=Audit Success
TaskCategory=Kerberos Service Ticket Operations
OpCode=Info
Message=A Kerberos service ticket was requested.

Account Information:
	Account Name:		User1@LAB.LOCAL
	Account Domain:		LAB.LOCAL
	Logon GUID:		{6747a439-14b8-a1fc-3ad0-1105860ebd26}

Service Information:
	Service Name:		User1
	Service ID:		S-1-5-21-3968859575-1936118435-1223628149-1103

Network Information:
	Client Address:		::ffff:10.0.3.15
	Client Port:		61519

Additional Information:
	Ticket Options:		0x40810008
	Ticket Encryption Type:	0x12
	Failure Code:		0x0
	Transited Services:	-

This event is generated every time access is requested to a resource such as a computer or a Windows service.  The service name indicates the resource to which access was requested.

This event can be correlated with Windows logon events by comparing the Logon GUID fields in each event.  The logon event occurs on the machine that was accessed, which is often a different machine than the domain controller which issued the service ticket.

Ticket options, encryption types, and failure codes are defined in RFC 4120.","2025-08-06T20:29:31.000+0100",,DC01,main,37,"//_::_====..=___.===_=___==_____.\r\r_:\rt_:tt@.\rt_:t","WinEventLog:Security","WinEventLog:Security",Windows10,
"LAB.LOCAL","User1@LAB.LOCAL",,"::ffff:10.0.3.15",61516,"DC01.lab.local",,4769,0,0x0,,,"Audit Success",,Security,"{6747a439-14b8-a1fc-3ad0-1105860ebd26}",,,,"A Kerberos service ticket was requested.

Account Information:
	Account Name:		User1@LAB.LOCAL
	Account Domain:		LAB.LOCAL
	Logon GUID:		{6747a439-14b8-a1fc-3ad0-1105860ebd26}

Service Information:
	Service Name:		WINDOWS10$
	Service ID:		S-1-5-21-3968859575-1936118435-1223628149-1110

Network Information:
	Client Address:		::ffff:10.0.3.15
	Client Port:		61516

Additional Information:
	Ticket Options:		0x40810000
	Ticket Encryption Type:	0x12
	Failure Code:		0x0
	Transited Services:	-

This event is generated every time access is requested to a resource such as a computer or a Windows service.  The service name indicates the resource to which access was requested.

This event can be correlated with Windows logon events by comparing the Logon GUID fields in each event.  The logon event occurs on the machine that was accessed, which is often a different machine than the domain controller which issued the service ticket.

Ticket options, encryption types, and failure codes are defined in RFC 4120.",,,Info,,,,18732,,,"S-1-5-21-3968859575-1936118435-1223628149-1110","WINDOWS10$","Microsoft Windows security auditing.",,,"Kerberos Service Ticket Operations",0x12,0x40810000,"-",Information,,,"08/06/2025 12:29:31 PM
LogName=Security
EventCode=4769
EventType=0
ComputerName=DC01.lab.local
SourceName=Microsoft Windows security auditing.
Type=Information
RecordNumber=18732
Keywords=Audit Success
TaskCategory=Kerberos Service Ticket Operations
OpCode=Info
Message=A Kerberos service ticket was requested.

Account Information:
	Account Name:		User1@LAB.LOCAL
	Account Domain:		LAB.LOCAL
	Logon GUID:		{6747a439-14b8-a1fc-3ad0-1105860ebd26}

Service Information:
	Service Name:		WINDOWS10$
	Service ID:		S-1-5-21-3968859575-1936118435-1223628149-1110

Network Information:
	Client Address:		::ffff:10.0.3.15
	Client Port:		61516

Additional Information:
	Ticket Options:		0x40810000
	Ticket Encryption Type:	0x12
	Failure Code:		0x0
	Transited Services:	-

This event is generated every time access is requested to a resource such as a computer or a Windows service.  The service name indicates the resource to which access was requested.

This event can be correlated with Windows logon events by comparing the Logon GUID fields in each event.  The logon event occurs on the machine that was accessed, which is often a different machine than the domain controller which issued the service ticket.

Ticket options, encryption types, and failure codes are defined in RFC 4120.","2025-08-06T20:29:31.000+0100",,DC01,main,37,"//_::_====..=___.===_=___==_____.\r\r_:\rt_:tt@.\rt_:t","WinEventLog:Security","WinEventLog:Security",Windows10,
"LAB.LOCAL","Administrator@LAB.LOCAL",,"::1",0,"DC01.lab.local",,4769,0,0x0,,,"Audit Success",,Security,"{7d7243d6-e8a2-f856-f052-82fd3461d238}",,,,"A Kerberos service ticket was requested.

Account Information:
	Account Name:		Administrator@LAB.LOCAL
	Account Domain:		LAB.LOCAL
	Logon GUID:		{7d7243d6-e8a2-f856-f052-82fd3461d238}

Service Information:
	Service Name:		krbtgt
	Service ID:		S-1-5-21-3968859575-1936118435-1223628149-502

Network Information:
	Client Address:		::1
	Client Port:		0

Additional Information:
	Ticket Options:		0x40810000
	Ticket Encryption Type:	0x12
	Failure Code:		0x0
	Transited Services:	-

This event is generated every time access is requested to a resource such as a computer or a Windows service.  The service name indicates the resource to which access was requested.

This event can be correlated with Windows logon events by comparing the Logon GUID fields in each event.  The logon event occurs on the machine that was accessed, which is often a different machine than the domain controller which issued the service ticket.

Ticket options, encryption types, and failure codes are defined in RFC 4120.",,,Info,,,,18691,,,"S-1-5-21-3968859575-1936118435-1223628149-502",krbtgt,"Microsoft Windows security auditing.",,,"Kerberos Service Ticket Operations",0x12,0x40810000,"-",Information,,,"08/06/2025 12:25:24 PM
LogName=Security
EventCode=4769
EventType=0
ComputerName=DC01.lab.local
SourceName=Microsoft Windows security auditing.
Type=Information
RecordNumber=18691
Keywords=Audit Success
TaskCategory=Kerberos Service Ticket Operations
OpCode=Info
Message=A Kerberos service ticket was requested.

Account Information:
	Account Name:		Administrator@LAB.LOCAL
	Account Domain:		LAB.LOCAL
	Logon GUID:		{7d7243d6-e8a2-f856-f052-82fd3461d238}

Service Information:
	Service Name:		krbtgt
	Service ID:		S-1-5-21-3968859575-1936118435-1223628149-502

Network Information:
	Client Address:		::1
	Client Port:		0

Additional Information:
	Ticket Options:		0x40810000
	Ticket Encryption Type:	0x12
	Failure Code:		0x0
	Transited Services:	-

This event is generated every time access is requested to a resource such as a computer or a Windows service.  The service name indicates the resource to which access was requested.

This event can be correlated with Windows logon events by comparing the Logon GUID fields in each event.  The logon event occurs on the machine that was accessed, which is often a different machine than the domain controller which issued the service ticket.

Ticket options, encryption types, and failure codes are defined in RFC 4120.","2025-08-06T20:25:24.000+0100",,DC01,main,37,"//_::_====..=___.===_=___==_____.\r\r_:\rt_:tt@.\rt_:t","WinEventLog:Security","WinEventLog:Security",Windows10,
"LAB.LOCAL","Administrator@LAB.LOCAL",,"::1",0,"DC01.lab.local",,4769,0,0x0,,,"Audit Success",,Security,"{4902e04a-4d7e-10aa-d6fe-330f6b408877}",,,,"A Kerberos service ticket was requested.

Account Information:
	Account Name:		Administrator@LAB.LOCAL
	Account Domain:		LAB.LOCAL
	Logon GUID:		{4902e04a-4d7e-10aa-d6fe-330f6b408877}

Service Information:
	Service Name:		DC01$
	Service ID:		S-1-5-21-3968859575-1936118435-1223628149-1000

Network Information:
	Client Address:		::1
	Client Port:		0

Additional Information:
	Ticket Options:		0x40810000
	Ticket Encryption Type:	0x12
	Failure Code:		0x0
	Transited Services:	-

This event is generated every time access is requested to a resource such as a computer or a Windows service.  The service name indicates the resource to which access was requested.

This event can be correlated with Windows logon events by comparing the Logon GUID fields in each event.  The logon event occurs on the machine that was accessed, which is often a different machine than the domain controller which issued the service ticket.

Ticket options, encryption types, and failure codes are defined in RFC 4120.",,,Info,,,,18610,,,"S-1-5-21-3968859575-1936118435-1223628149-1000","DC01$","Microsoft Windows security auditing.",,,"Kerberos Service Ticket Operations",0x12,0x40810000,"-",Information,,,"08/06/2025 12:15:45 PM
LogName=Security
EventCode=4769
EventType=0
ComputerName=DC01.lab.local
SourceName=Microsoft Windows security auditing.
Type=Information
RecordNumber=18610
Keywords=Audit Success
TaskCategory=Kerberos Service Ticket Operations
OpCode=Info
Message=A Kerberos service ticket was requested.

Account Information:
	Account Name:		Administrator@LAB.LOCAL
	Account Domain:		LAB.LOCAL
	Logon GUID:		{4902e04a-4d7e-10aa-d6fe-330f6b408877}

Service Information:
	Service Name:		DC01$
	Service ID:		S-1-5-21-3968859575-1936118435-1223628149-1000

Network Information:
	Client Address:		::1
	Client Port:		0

Additional Information:
	Ticket Options:		0x40810000
	Ticket Encryption Type:	0x12
	Failure Code:		0x0
	Transited Services:	-

This event is generated every time access is requested to a resource such as a computer or a Windows service.  The service name indicates the resource to which access was requested.

This event can be correlated with Windows logon events by comparing the Logon GUID fields in each event.  The logon event occurs on the machine that was accessed, which is often a different machine than the domain controller which issued the service ticket.

Ticket options, encryption types, and failure codes are defined in RFC 4120.","2025-08-06T20:15:45.000+0100",,DC01,main,37,"//_::_====..=___.===_=___==_____.\r\r_:\rt_:tt@.\rt_:t","WinEventLog:Security","WinEventLog:Security",Windows10,
"LAB.LOCAL","WINDOWS10$@LAB.LOCAL",,"::ffff:10.0.3.15",60907,"DC01.lab.local",,4769,0,0x0,,,"Audit Success",,Security,"{a969c496-4ef7-2388-c4ee-1d1f935b2790}",,,,"A Kerberos service ticket was requested.

Account Information:
	Account Name:		WINDOWS10$@LAB.LOCAL
	Account Domain:		LAB.LOCAL
	Logon GUID:		{a969c496-4ef7-2388-c4ee-1d1f935b2790}

Service Information:
	Service Name:		WINDOWS10$
	Service ID:		S-1-5-21-3968859575-1936118435-1223628149-1110

Network Information:
	Client Address:		::ffff:10.0.3.15
	Client Port:		60907

Additional Information:
	Ticket Options:		0x40810000
	Ticket Encryption Type:	0x12
	Failure Code:		0x0
	Transited Services:	-

This event is generated every time access is requested to a resource such as a computer or a Windows service.  The service name indicates the resource to which access was requested.

This event can be correlated with Windows logon events by comparing the Logon GUID fields in each event.  The logon event occurs on the machine that was accessed, which is often a different machine than the domain controller which issued the service ticket.

Ticket options, encryption types, and failure codes are defined in RFC 4120.",,,Info,,,,18519,,,"S-1-5-21-3968859575-1936118435-1223628149-1110","WINDOWS10$","Microsoft Windows security auditing.",,,"Kerberos Service Ticket Operations",0x12,0x40810000,"-",Information,,,"08/06/2025 12:06:57 PM
LogName=Security
EventCode=4769
EventType=0
ComputerName=DC01.lab.local
SourceName=Microsoft Windows security auditing.
Type=Information
RecordNumber=18519
Keywords=Audit Success
TaskCategory=Kerberos Service Ticket Operations
OpCode=Info
Message=A Kerberos service ticket was requested.

Account Information:
	Account Name:		WINDOWS10$@LAB.LOCAL
	Account Domain:		LAB.LOCAL
	Logon GUID:		{a969c496-4ef7-2388-c4ee-1d1f935b2790}

Service Information:
	Service Name:		WINDOWS10$
	Service ID:		S-1-5-21-3968859575-1936118435-1223628149-1110

Network Information:
	Client Address:		::ffff:10.0.3.15
	Client Port:		60907

Additional Information:
	Ticket Options:		0x40810000
	Ticket Encryption Type:	0x12
	Failure Code:		0x0
	Transited Services:	-

This event is generated every time access is requested to a resource such as a computer or a Windows service.  The service name indicates the resource to which access was requested.

This event can be correlated with Windows logon events by comparing the Logon GUID fields in each event.  The logon event occurs on the machine that was accessed, which is often a different machine than the domain controller which issued the service ticket.

Ticket options, encryption types, and failure codes are defined in RFC 4120.","2025-08-06T20:06:57.000+0100",,DC01,main,37,"//_::_====..=___.===_=___==_____.\r\r_:\rt_:tt$@.\rt_:","WinEventLog:Security","WinEventLog:Security",Windows10,
"LAB.LOCAL","WINDOWS10$@LAB.LOCAL",,"::ffff:10.0.3.15",60896,"DC01.lab.local",,4769,0,0x0,,,"Audit Success",,Security,"{cbda52fb-035e-8c3c-6b6a-8f749c31ad8e}",,,,"A Kerberos service ticket was requested.

Account Information:
	Account Name:		WINDOWS10$@LAB.LOCAL
	Account Domain:		LAB.LOCAL
	Logon GUID:		{cbda52fb-035e-8c3c-6b6a-8f749c31ad8e}

Service Information:
	Service Name:		WINDOWS10$
	Service ID:		S-1-5-21-3968859575-1936118435-1223628149-1110

Network Information:
	Client Address:		::ffff:10.0.3.15
	Client Port:		60896

Additional Information:
	Ticket Options:		0x40810000
	Ticket Encryption Type:	0x12
	Failure Code:		0x0
	Transited Services:	-

This event is generated every time access is requested to a resource such as a computer or a Windows service.  The service name indicates the resource to which access was requested.

This event can be correlated with Windows logon events by comparing the Logon GUID fields in each event.  The logon event occurs on the machine that was accessed, which is often a different machine than the domain controller which issued the service ticket.

Ticket options, encryption types, and failure codes are defined in RFC 4120.",,,Info,,,,18504,,,"S-1-5-21-3968859575-1936118435-1223628149-1110","WINDOWS10$","Microsoft Windows security auditing.",,,"Kerberos Service Ticket Operations",0x12,0x40810000,"-",Information,,,"08/06/2025 12:06:29 PM
LogName=Security
EventCode=4769
EventType=0
ComputerName=DC01.lab.local
SourceName=Microsoft Windows security auditing.
Type=Information
RecordNumber=18504
Keywords=Audit Success
TaskCategory=Kerberos Service Ticket Operations
OpCode=Info
Message=A Kerberos service ticket was requested.

Account Information:
	Account Name:		WINDOWS10$@LAB.LOCAL
	Account Domain:		LAB.LOCAL
	Logon GUID:		{cbda52fb-035e-8c3c-6b6a-8f749c31ad8e}

Service Information:
	Service Name:		WINDOWS10$
	Service ID:		S-1-5-21-3968859575-1936118435-1223628149-1110

Network Information:
	Client Address:		::ffff:10.0.3.15
	Client Port:		60896

Additional Information:
	Ticket Options:		0x40810000
	Ticket Encryption Type:	0x12
	Failure Code:		0x0
	Transited Services:	-

This event is generated every time access is requested to a resource such as a computer or a Windows service.  The service name indicates the resource to which access was requested.

This event can be correlated with Windows logon events by comparing the Logon GUID fields in each event.  The logon event occurs on the machine that was accessed, which is often a different machine than the domain controller which issued the service ticket.

Ticket options, encryption types, and failure codes are defined in RFC 4120.","2025-08-06T20:06:29.000+0100",,DC01,main,37,"//_::_====..=___.===_=___==_____.\r\r_:\rt_:tt$@.\rt_:","WinEventLog:Security","WinEventLog:Security",Windows10,
"LAB.LOCAL","WINDOWS10$@LAB.LOCAL",,"::ffff:10.0.3.15",60874,"DC01.lab.local",,4769,0,0x0,,,"Audit Success",,Security,"{b975bd96-9b7d-bac4-dd66-324768d1602f}",,,,"A Kerberos service ticket was requested.

Account Information:
	Account Name:		WINDOWS10$@LAB.LOCAL
	Account Domain:		LAB.LOCAL
	Logon GUID:		{b975bd96-9b7d-bac4-dd66-324768d1602f}

Service Information:
	Service Name:		krbtgt
	Service ID:		S-1-5-21-3968859575-1936118435-1223628149-502

Network Information:
	Client Address:		::ffff:10.0.3.15
	Client Port:		60874

Additional Information:
	Ticket Options:		0x60810010
	Ticket Encryption Type:	0x12
	Failure Code:		0x0
	Transited Services:	-

This event is generated every time access is requested to a resource such as a computer or a Windows service.  The service name indicates the resource to which access was requested.

This event can be correlated with Windows logon events by comparing the Logon GUID fields in each event.  The logon event occurs on the machine that was accessed, which is often a different machine than the domain controller which issued the service ticket.

Ticket options, encryption types, and failure codes are defined in RFC 4120.",,,Info,,,,18484,,,"S-1-5-21-3968859575-1936118435-1223628149-502",krbtgt,"Microsoft Windows security auditing.",,,"Kerberos Service Ticket Operations",0x12,0x60810010,"-",Information,,,"08/06/2025 12:06:06 PM
LogName=Security
EventCode=4769
EventType=0
ComputerName=DC01.lab.local
SourceName=Microsoft Windows security auditing.
Type=Information
RecordNumber=18484
Keywords=Audit Success
TaskCategory=Kerberos Service Ticket Operations
OpCode=Info
Message=A Kerberos service ticket was requested.

Account Information:
	Account Name:		WINDOWS10$@LAB.LOCAL
	Account Domain:		LAB.LOCAL
	Logon GUID:		{b975bd96-9b7d-bac4-dd66-324768d1602f}

Service Information:
	Service Name:		krbtgt
	Service ID:		S-1-5-21-3968859575-1936118435-1223628149-502

Network Information:
	Client Address:		::ffff:10.0.3.15
	Client Port:		60874

Additional Information:
	Ticket Options:		0x60810010
	Ticket Encryption Type:	0x12
	Failure Code:		0x0
	Transited Services:	-

This event is generated every time access is requested to a resource such as a computer or a Windows service.  The service name indicates the resource to which access was requested.

This event can be correlated with Windows logon events by comparing the Logon GUID fields in each event.  The logon event occurs on the machine that was accessed, which is often a different machine than the domain controller which issued the service ticket.

Ticket options, encryption types, and failure codes are defined in RFC 4120.","2025-08-06T20:06:06.000+0100",,DC01,main,37,"//_::_====..=___.===_=___==_____.\r\r_:\rt_:tt$@.\rt_:","WinEventLog:Security","WinEventLog:Security",Windows10,
"LAB.LOCAL","WINDOWS10$@LAB.LOCAL",,"::ffff:10.0.3.15",60873,"DC01.lab.local",,4769,0,0x0,,,"Audit Success",,Security,"{b975bd96-9b7d-bac4-dd66-324768d1602f}",,,,"A Kerberos service ticket was requested.

Account Information:
	Account Name:		WINDOWS10$@LAB.LOCAL
	Account Domain:		LAB.LOCAL
	Logon GUID:		{b975bd96-9b7d-bac4-dd66-324768d1602f}

Service Information:
	Service Name:		DC01$
	Service ID:		S-1-5-21-3968859575-1936118435-1223628149-1000

Network Information:
	Client Address:		::ffff:10.0.3.15
	Client Port:		60873

Additional Information:
	Ticket Options:		0x40800000
	Ticket Encryption Type:	0x12
	Failure Code:		0x0
	Transited Services:	-

This event is generated every time access is requested to a resource such as a computer or a Windows service.  The service name indicates the resource to which access was requested.

This event can be correlated with Windows logon events by comparing the Logon GUID fields in each event.  The logon event occurs on the machine that was accessed, which is often a different machine than the domain controller which issued the service ticket.

Ticket options, encryption types, and failure codes are defined in RFC 4120.",,,Info,,,,18483,,,"S-1-5-21-3968859575-1936118435-1223628149-1000","DC01$","Microsoft Windows security auditing.",,,"Kerberos Service Ticket Operations",0x12,0x40800000,"-",Information,,,"08/06/2025 12:06:06 PM
LogName=Security
EventCode=4769
EventType=0
ComputerName=DC01.lab.local
SourceName=Microsoft Windows security auditing.
Type=Information
RecordNumber=18483
Keywords=Audit Success
TaskCategory=Kerberos Service Ticket Operations
OpCode=Info
Message=A Kerberos service ticket was requested.

Account Information:
	Account Name:		WINDOWS10$@LAB.LOCAL
	Account Domain:		LAB.LOCAL
	Logon GUID:		{b975bd96-9b7d-bac4-dd66-324768d1602f}

Service Information:
	Service Name:		DC01$
	Service ID:		S-1-5-21-3968859575-1936118435-1223628149-1000

Network Information:
	Client Address:		::ffff:10.0.3.15
	Client Port:		60873

Additional Information:
	Ticket Options:		0x40800000
	Ticket Encryption Type:	0x12
	Failure Code:		0x0
	Transited Services:	-

This event is generated every time access is requested to a resource such as a computer or a Windows service.  The service name indicates the resource to which access was requested.

This event can be correlated with Windows logon events by comparing the Logon GUID fields in each event.  The logon event occurs on the machine that was accessed, which is often a different machine than the domain controller which issued the service ticket.

Ticket options, encryption types, and failure codes are defined in RFC 4120.","2025-08-06T20:06:06.000+0100",,DC01,main,37,"//_::_====..=___.===_=___==_____.\r\r_:\rt_:tt$@.\rt_:","WinEventLog:Security","WinEventLog:Security",Windows10,
"LAB.LOCAL","WINDOWS10$@LAB.LOCAL",,"::ffff:10.0.3.15",60871,"DC01.lab.local",,4769,0,0x0,,,"Audit Success",,Security,"{8af765b4-799b-cd7e-760d-bb2f488b84c0}",,,,"A Kerberos service ticket was requested.

Account Information:
	Account Name:		WINDOWS10$@LAB.LOCAL
	Account Domain:		LAB.LOCAL
	Logon GUID:		{8af765b4-799b-cd7e-760d-bb2f488b84c0}

Service Information:
	Service Name:		WINDOWS10$
	Service ID:		S-1-5-21-3968859575-1936118435-1223628149-1110

Network Information:
	Client Address:		::ffff:10.0.3.15
	Client Port:		60871

Additional Information:
	Ticket Options:		0x40810000
	Ticket Encryption Type:	0x12
	Failure Code:		0x0
	Transited Services:	-

This event is generated every time access is requested to a resource such as a computer or a Windows service.  The service name indicates the resource to which access was requested.

This event can be correlated with Windows logon events by comparing the Logon GUID fields in each event.  The logon event occurs on the machine that was accessed, which is often a different machine than the domain controller which issued the service ticket.

Ticket options, encryption types, and failure codes are defined in RFC 4120.",,,Info,,,,18481,,,"S-1-5-21-3968859575-1936118435-1223628149-1110","WINDOWS10$","Microsoft Windows security auditing.",,,"Kerberos Service Ticket Operations",0x12,0x40810000,"-",Information,,,"08/06/2025 12:06:05 PM
LogName=Security
EventCode=4769
EventType=0
ComputerName=DC01.lab.local
SourceName=Microsoft Windows security auditing.
Type=Information
RecordNumber=18481
Keywords=Audit Success
TaskCategory=Kerberos Service Ticket Operations
OpCode=Info
Message=A Kerberos service ticket was requested.

Account Information:
	Account Name:		WINDOWS10$@LAB.LOCAL
	Account Domain:		LAB.LOCAL
	Logon GUID:		{8af765b4-799b-cd7e-760d-bb2f488b84c0}

Service Information:
	Service Name:		WINDOWS10$
	Service ID:		S-1-5-21-3968859575-1936118435-1223628149-1110

Network Information:
	Client Address:		::ffff:10.0.3.15
	Client Port:		60871

Additional Information:
	Ticket Options:		0x40810000
	Ticket Encryption Type:	0x12
	Failure Code:		0x0
	Transited Services:	-

This event is generated every time access is requested to a resource such as a computer or a Windows service.  The service name indicates the resource to which access was requested.

This event can be correlated with Windows logon events by comparing the Logon GUID fields in each event.  The logon event occurs on the machine that was accessed, which is often a different machine than the domain controller which issued the service ticket.

Ticket options, encryption types, and failure codes are defined in RFC 4120.","2025-08-06T20:06:05.000+0100",,DC01,main,37,"//_::_====..=___.===_=___==_____.\r\r_:\rt_:tt$@.\rt_:","WinEventLog:Security","WinEventLog:Security",Windows10,
"LAB.LOCAL","WINDOWS10$@LAB.LOCAL",,"::ffff:10.0.3.15",60868,"DC01.lab.local",,4769,0,0x0,,,"Audit Success",,Security,"{315c464f-656a-63a1-beec-816c767b6807}",,,,"A Kerberos service ticket was requested.

Account Information:
	Account Name:		WINDOWS10$@LAB.LOCAL
	Account Domain:		LAB.LOCAL
	Logon GUID:		{315c464f-656a-63a1-beec-816c767b6807}

Service Information:
	Service Name:		DC01$
	Service ID:		S-1-5-21-3968859575-1936118435-1223628149-1000

Network Information:
	Client Address:		::ffff:10.0.3.15
	Client Port:		60868

Additional Information:
	Ticket Options:		0x40810000
	Ticket Encryption Type:	0x12
	Failure Code:		0x0
	Transited Services:	-

This event is generated every time access is requested to a resource such as a computer or a Windows service.  The service name indicates the resource to which access was requested.

This event can be correlated with Windows logon events by comparing the Logon GUID fields in each event.  The logon event occurs on the machine that was accessed, which is often a different machine than the domain controller which issued the service ticket.

Ticket options, encryption types, and failure codes are defined in RFC 4120.",,,Info,,,,18477,,,"S-1-5-21-3968859575-1936118435-1223628149-1000","DC01$","Microsoft Windows security auditing.",,,"Kerberos Service Ticket Operations",0x12,0x40810000,"-",Information,,,"08/06/2025 12:06:04 PM
LogName=Security
EventCode=4769
EventType=0
ComputerName=DC01.lab.local
SourceName=Microsoft Windows security auditing.
Type=Information
RecordNumber=18477
Keywords=Audit Success
TaskCategory=Kerberos Service Ticket Operations
OpCode=Info
Message=A Kerberos service ticket was requested.

Account Information:
	Account Name:		WINDOWS10$@LAB.LOCAL
	Account Domain:		LAB.LOCAL
	Logon GUID:		{315c464f-656a-63a1-beec-816c767b6807}

Service Information:
	Service Name:		DC01$
	Service ID:		S-1-5-21-3968859575-1936118435-1223628149-1000

Network Information:
	Client Address:		::ffff:10.0.3.15
	Client Port:		60868

Additional Information:
	Ticket Options:		0x40810000
	Ticket Encryption Type:	0x12
	Failure Code:		0x0
	Transited Services:	-

This event is generated every time access is requested to a resource such as a computer or a Windows service.  The service name indicates the resource to which access was requested.

This event can be correlated with Windows logon events by comparing the Logon GUID fields in each event.  The logon event occurs on the machine that was accessed, which is often a different machine than the domain controller which issued the service ticket.

Ticket options, encryption types, and failure codes are defined in RFC 4120.","2025-08-06T20:06:04.000+0100",,DC01,main,37,"//_::_====..=___.===_=___==_____.\r\r_:\rt_:tt$@.\rt_:","WinEventLog:Security","WinEventLog:Security",Windows10,
"LAB.LOCAL","WINDOWS10$@LAB.LOCAL",,"::ffff:10.0.3.15",60858,"DC01.lab.local",,4769,0,0x0,,,"Audit Success",,Security,"{37caa60f-70a3-5738-29e3-8e672637b03c}",,,,"A Kerberos service ticket was requested.

Account Information:
	Account Name:		WINDOWS10$@LAB.LOCAL
	Account Domain:		LAB.LOCAL
	Logon GUID:		{37caa60f-70a3-5738-29e3-8e672637b03c}

Service Information:
	Service Name:		DC01$
	Service ID:		S-1-5-21-3968859575-1936118435-1223628149-1000

Network Information:
	Client Address:		::ffff:10.0.3.15
	Client Port:		60858

Additional Information:
	Ticket Options:		0x40810000
	Ticket Encryption Type:	0x12
	Failure Code:		0x0
	Transited Services:	-

This event is generated every time access is requested to a resource such as a computer or a Windows service.  The service name indicates the resource to which access was requested.

This event can be correlated with Windows logon events by comparing the Logon GUID fields in each event.  The logon event occurs on the machine that was accessed, which is often a different machine than the domain controller which issued the service ticket.

Ticket options, encryption types, and failure codes are defined in RFC 4120.",,,Info,,,,18471,,,"S-1-5-21-3968859575-1936118435-1223628149-1000","DC01$","Microsoft Windows security auditing.",,,"Kerberos Service Ticket Operations",0x12,0x40810000,"-",Information,,,"08/06/2025 12:06:02 PM
LogName=Security
EventCode=4769
EventType=0
ComputerName=DC01.lab.local
SourceName=Microsoft Windows security auditing.
Type=Information
RecordNumber=18471
Keywords=Audit Success
TaskCategory=Kerberos Service Ticket Operations
OpCode=Info
Message=A Kerberos service ticket was requested.

Account Information:
	Account Name:		WINDOWS10$@LAB.LOCAL
	Account Domain:		LAB.LOCAL
	Logon GUID:		{37caa60f-70a3-5738-29e3-8e672637b03c}

Service Information:
	Service Name:		DC01$
	Service ID:		S-1-5-21-3968859575-1936118435-1223628149-1000

Network Information:
	Client Address:		::ffff:10.0.3.15
	Client Port:		60858

Additional Information:
	Ticket Options:		0x40810000
	Ticket Encryption Type:	0x12
	Failure Code:		0x0
	Transited Services:	-

This event is generated every time access is requested to a resource such as a computer or a Windows service.  The service name indicates the resource to which access was requested.

This event can be correlated with Windows logon events by comparing the Logon GUID fields in each event.  The logon event occurs on the machine that was accessed, which is often a different machine than the domain controller which issued the service ticket.

Ticket options, encryption types, and failure codes are defined in RFC 4120.","2025-08-06T20:06:02.000+0100",,DC01,main,37,"//_::_====..=___.===_=___==_____.\r\r_:\rt_:tt$@.\rt_:","WinEventLog:Security","WinEventLog:Security",Windows10,
